Running walthread1 for 20 seconds...
Thread 17 says: 40 checkpoints
Thread 16 says: 300 iterations
Thread 15 says: 300 iterations
Thread 14 says: 300 iterations
Thread 13 says: 300 iterations
Thread 12 says: 300 iterations
Thread 11 says: 300 iterations
Thread 10 says: 300 iterations
Thread 9 says: 300 iterations
Thread 8 says: 300 iterations
Thread 7 says: 300 iterations
Thread 6 says: 300 iterations
Thread 5 says: 300 iterations
Thread 4 says: 300 iterations
Thread 3 says: 300 iterations
Thread 2 says: 300 iterations
Thread 1 says: 300 iterations
0 errors out of 1 tests
82.34user 3.78system 0:20.33elapsed 423%CPU (0avgtext+0avgdata 39260maxresident)k
0inputs+205592outputs (0major+611949minor)pagefaults 0swaps
Running walthread1 for 20 seconds...
Thread 17 says: 40 checkpoints
Thread 16 says: 300 iterations
Thread 15 says: 300 iterations
Thread 14 says: 300 iterations
Thread 13 says: 300 iterations
Thread 12 says: 300 iterations
Thread 11 says: 300 iterations
Thread 10 says: 300 iterations
Thread 9 says: 300 iterations
Thread 8 says: 300 iterations
Thread 7 says: 300 iterations
Thread 6 says: 300 iterations
Thread 5 says: 300 iterations
Thread 4 says: 300 iterations
Thread 3 says: 300 iterations
Thread 2 says: 300 iterations
Thread 1 says: 300 iterations
0 errors out of 1 tests
82.44user 3.73system 0:20.60elapsed 418%CPU (0avgtext+0avgdata 40672maxresident)k
0inputs+217688outputs (0major+643367minor)pagefaults 0swaps
Running walthread1 for 20 seconds...
Thread 17 says: 40 checkpoints
Thread 16 says: 300 iterations
Thread 15 says: 300 iterations
Thread 14 says: 300 iterations
Thread 13 says: 300 iterations
Thread 12 says: 300 iterations
Thread 11 says: 300 iterations
Thread 10 says: 300 iterations
Thread 9 says: 300 iterations
Thread 8 says: 300 iterations
Thread 7 says: 300 iterations
Thread 6 says: 300 iterations
Thread 5 says: 300 iterations
Thread 4 says: 300 iterations
Thread 3 says: 300 iterations
Thread 2 says: 300 iterations
Thread 1 says: 300 iterations
0 errors out of 1 tests
81.10user 3.77system 0:20.27elapsed 418%CPU (0avgtext+0avgdata 40556maxresident)k
0inputs+203712outputs (0major+614890minor)pagefaults 0swaps
Running walthread1 for 20 seconds...
Thread 17 says: 40 checkpoints
Thread 16 says: 300 iterations
Thread 15 says: 300 iterations
Thread 14 says: 300 iterations
Thread 13 says: 300 iterations
Thread 12 says: 300 iterations
Thread 11 says: 300 iterations
Thread 10 says: 300 iterations
Thread 9 says: 300 iterations
Thread 8 says: 300 iterations
Thread 7 says: 300 iterations
Thread 6 says: 300 iterations
Thread 5 says: 300 iterations
Thread 4 says: 300 iterations
Thread 3 says: 300 iterations
Thread 2 says: 300 iterations
Thread 1 says: 300 iterations
0 errors out of 1 tests
80.77user 3.78system 0:20.22elapsed 418%CPU (0avgtext+0avgdata 40888maxresident)k
0inputs+178080outputs (0major+645417minor)pagefaults 0swaps
Running walthread1 for 20 seconds...
Thread 17 says: 40 checkpoints
Thread 16 says: 300 iterations
Thread 15 says: 300 iterations
Thread 14 says: 300 iterations
Thread 13 says: 300 iterations
Thread 12 says: 300 iterations
Thread 11 says: 300 iterations
Thread 10 says: 300 iterations
Thread 9 says: 300 iterations
Thread 8 says: 300 iterations
Thread 7 says: 300 iterations
Thread 6 says: 300 iterations
Thread 5 says: 300 iterations
Thread 4 says: 300 iterations
Thread 3 says: 300 iterations
Thread 2 says: 300 iterations
Thread 1 says: 300 iterations
0 errors out of 1 tests
81.08user 3.66system 0:20.93elapsed 404%CPU (0avgtext+0avgdata 40760maxresident)k
0inputs+174464outputs (0major+608775minor)pagefaults 0swaps
Running walthread1 for 20 seconds...
Thread 17 says: 40 checkpoints
Thread 16 says: 300 iterations
Thread 15 says: 300 iterations
Thread 14 says: 300 iterations
Thread 13 says: 300 iterations
Thread 12 says: 300 iterations
Thread 11 says: 300 iterations
Thread 10 says: 300 iterations
Thread 9 says: 300 iterations
Thread 8 says: 300 iterations
Thread 7 says: 300 iterations
Thread 6 says: 300 iterations
Thread 5 says: 300 iterations
Thread 4 says: 300 iterations
Thread 3 says: 300 iterations
Thread 2 says: 300 iterations
Thread 1 says: 300 iterations
0 errors out of 1 tests
81.85user 3.68system 0:20.26elapsed 422%CPU (0avgtext+0avgdata 41312maxresident)k
0inputs+205064outputs (0major+612618minor)pagefaults 0swaps
Running walthread1 for 20 seconds...
Thread 17 says: 40 checkpoints
Thread 16 says: 300 iterations
Thread 15 says: 300 iterations
Thread 14 says: 300 iterations
Thread 13 says: 300 iterations
Thread 12 says: 300 iterations
Thread 11 says: 300 iterations
Thread 10 says: 300 iterations
Thread 9 says: 300 iterations
Thread 8 says: 300 iterations
Thread 7 says: 300 iterations
Thread 6 says: 300 iterations
Thread 5 says: 300 iterations
Thread 4 says: 300 iterations
Thread 3 says: 300 iterations
Thread 2 says: 300 iterations
Thread 1 says: 300 iterations
0 errors out of 1 tests
80.25user 3.65system 0:20.48elapsed 409%CPU (0avgtext+0avgdata 39652maxresident)k
0inputs+151640outputs (0major+627041minor)pagefaults 0swaps
Running walthread1 for 20 seconds...
Thread 17 says: 40 checkpoints
Thread 16 says: 300 iterations
Thread 15 says: 300 iterations
Thread 14 says: 300 iterations
Thread 13 says: 300 iterations
Thread 12 says: 300 iterations
Thread 11 says: 300 iterations
Thread 10 says: 300 iterations
Thread 9 says: 300 iterations
Thread 8 says: 300 iterations
Thread 7 says: 300 iterations
Thread 6 says: 300 iterations
Thread 5 says: 300 iterations
Thread 4 says: 300 iterations
Thread 3 says: 300 iterations
Thread 2 says: 300 iterations
Thread 1 says: 300 iterations
0 errors out of 1 tests
81.75user 3.82system 0:20.55elapsed 416%CPU (0avgtext+0avgdata 41016maxresident)k
0inputs+213224outputs (0major+640904minor)pagefaults 0swaps
Running walthread1 for 20 seconds...
Thread 17 says: 40 checkpoints
Thread 16 says: 300 iterations
Thread 15 says: 300 iterations
Thread 14 says: 300 iterations
Thread 13 says: 300 iterations
Thread 12 says: 300 iterations
Thread 11 says: 300 iterations
Thread 10 says: 300 iterations
Thread 9 says: 300 iterations
Thread 8 says: 300 iterations
Thread 7 says: 300 iterations
Thread 6 says: 300 iterations
Thread 5 says: 300 iterations
Thread 4 says: 300 iterations
Thread 3 says: 300 iterations
Thread 2 says: 300 iterations
Thread 1 says: 300 iterations
0 errors out of 1 tests
80.12user 3.54system 0:20.86elapsed 401%CPU (0avgtext+0avgdata 40064maxresident)k
0inputs+186616outputs (0major+634301minor)pagefaults 0swaps
Running walthread1 for 20 seconds...
Thread 17 says: 40 checkpoints
Thread 16 says: 300 iterations
Thread 15 says: 300 iterations
Thread 14 says: 300 iterations
Thread 13 says: 300 iterations
Thread 12 says: 300 iterations
Thread 11 says: 300 iterations
Thread 10 says: 300 iterations
Thread 9 says: 300 iterations
Thread 8 says: 300 iterations
Thread 7 says: 300 iterations
Thread 6 says: 300 iterations
Thread 5 says: 300 iterations
Thread 4 says: 300 iterations
Thread 3 says: 300 iterations
Thread 2 says: 300 iterations
Thread 1 says: 300 iterations
0 errors out of 1 tests
81.13user 3.60system 0:21.30elapsed 397%CPU (0avgtext+0avgdata 40976maxresident)k
0inputs+196784outputs (0major+615640minor)pagefaults 0swaps
Running walthread1 for 20 seconds...
Thread 17 says: 40 checkpoints
Thread 16 says: 300 iterations
Thread 15 says: 300 iterations
Thread 14 says: 300 iterations
Thread 13 says: 300 iterations
Thread 12 says: 300 iterations
Thread 11 says: 300 iterations
Thread 10 says: 300 iterations
Thread 9 says: 300 iterations
Thread 8 says: 300 iterations
Thread 7 says: 300 iterations
Thread 6 says: 300 iterations
Thread 5 says: 300 iterations
Thread 4 says: 300 iterations
Thread 3 says: 300 iterations
Thread 2 says: 300 iterations
Thread 1 says: 300 iterations
0 errors out of 1 tests
84.66user 4.96system 0:23.16elapsed 386%CPU (0avgtext+0avgdata 62276maxresident)k
0inputs+212920outputs (0major+544408minor)pagefaults 0swaps
Running walthread1 for 20 seconds...
Thread 17 says: 40 checkpoints
Thread 16 says: 300 iterations
Thread 15 says: 300 iterations
Thread 14 says: 300 iterations
Thread 13 says: 300 iterations
Thread 12 says: 300 iterations
Thread 11 says: 300 iterations
Thread 10 says: 300 iterations
Thread 9 says: 300 iterations
Thread 8 says: 300 iterations
Thread 7 says: 300 iterations
Thread 6 says: 300 iterations
Thread 5 says: 300 iterations
Thread 4 says: 300 iterations
Thread 3 says: 300 iterations
Thread 2 says: 300 iterations
Thread 1 says: 300 iterations
0 errors out of 1 tests
84.08user 5.21system 0:24.09elapsed 370%CPU (0avgtext+0avgdata 62432maxresident)k
0inputs+194528outputs (0major+543425minor)pagefaults 0swaps
Running walthread1 for 20 seconds...
Thread 17 says: 40 checkpoints
Thread 16 says: 300 iterations
Thread 15 says: 300 iterations
Thread 14 says: 300 iterations
Thread 13 says: 300 iterations
Thread 12 says: 300 iterations
Thread 11 says: 300 iterations
Thread 10 says: 300 iterations
Thread 9 says: 300 iterations
Thread 8 says: 300 iterations
Thread 7 says: 300 iterations
Thread 6 says: 300 iterations
Thread 5 says: 300 iterations
Thread 4 says: 300 iterations
Thread 3 says: 300 iterations
Thread 2 says: 300 iterations
Thread 1 says: 300 iterations
0 errors out of 1 tests
85.15user 5.30system 0:23.30elapsed 388%CPU (0avgtext+0avgdata 68728maxresident)k
0inputs+202536outputs (0major+580312minor)pagefaults 0swaps
Running walthread1 for 20 seconds...
Thread 17 says: 40 checkpoints
Thread 16 says: 300 iterations
Thread 15 says: 300 iterations
Thread 14 says: 300 iterations
Thread 13 says: 300 iterations
Thread 12 says: 300 iterations
Thread 11 says: 300 iterations
Thread 10 says: 300 iterations
Thread 9 says: 300 iterations
Thread 8 says: 300 iterations
Thread 7 says: 300 iterations
Thread 6 says: 300 iterations
Thread 5 says: 300 iterations
Thread 4 says: 300 iterations
Thread 3 says: 300 iterations
Thread 2 says: 300 iterations
Thread 1 says: 300 iterations
0 errors out of 1 tests
85.96user 5.16system 0:23.38elapsed 389%CPU (0avgtext+0avgdata 62028maxresident)k
0inputs+210280outputs (0major+545295minor)pagefaults 0swaps
Running walthread1 for 20 seconds...
Thread 17 says: 40 checkpoints
Thread 16 says: 300 iterations
Thread 15 says: 300 iterations
Thread 14 says: 300 iterations
Thread 13 says: 300 iterations
Thread 12 says: 300 iterations
Thread 11 says: 300 iterations
Thread 10 says: 300 iterations
Thread 9 says: 300 iterations
Thread 8 says: 300 iterations
Thread 7 says: 300 iterations
Thread 6 says: 300 iterations
Thread 5 says: 300 iterations
Thread 4 says: 300 iterations
Thread 3 says: 300 iterations
Thread 2 says: 300 iterations
Thread 1 says: 300 iterations
0 errors out of 1 tests
84.54user 5.39system 0:24.29elapsed 370%CPU (0avgtext+0avgdata 62308maxresident)k
0inputs+204128outputs (0major+539240minor)pagefaults 0swaps
Running walthread1 for 20 seconds...
Thread 17 says: 40 checkpoints
Thread 16 says: 300 iterations
Thread 15 says: 300 iterations
Thread 14 says: 300 iterations
Thread 13 says: 300 iterations
Thread 12 says: 300 iterations
Thread 11 says: 300 iterations
Thread 10 says: 300 iterations
Thread 9 says: 300 iterations
Thread 8 says: 300 iterations
Thread 7 says: 300 iterations
Thread 6 says: 300 iterations
Thread 5 says: 300 iterations
Thread 4 says: 300 iterations
Thread 3 says: 300 iterations
Thread 2 says: 300 iterations
Thread 1 says: 300 iterations
0 errors out of 1 tests
85.18user 5.32system 0:23.60elapsed 383%CPU (0avgtext+0avgdata 62320maxresident)k
0inputs+201056outputs (0major+556007minor)pagefaults 0swaps
Running walthread1 for 20 seconds...
Thread 17 says: 40 checkpoints
Thread 16 says: 300 iterations
Thread 15 says: 300 iterations
Thread 14 says: 300 iterations
Thread 13 says: 300 iterations
Thread 12 says: 300 iterations
Thread 11 says: 300 iterations
Thread 10 says: 300 iterations
Thread 9 says: 300 iterations
Thread 8 says: 300 iterations
Thread 7 says: 300 iterations
Thread 6 says: 300 iterations
Thread 5 says: 300 iterations
Thread 4 says: 300 iterations
Thread 3 says: 300 iterations
Thread 2 says: 300 iterations
Thread 1 says: 300 iterations
0 errors out of 1 tests
84.56user 5.32system 0:23.93elapsed 375%CPU (0avgtext+0avgdata 62408maxresident)k
0inputs+199808outputs (0major+536803minor)pagefaults 0swaps
Running walthread1 for 20 seconds...
Thread 17 says: 40 checkpoints
Thread 16 says: 300 iterations
Thread 15 says: 300 iterations
Thread 14 says: 300 iterations
Thread 13 says: 300 iterations
Thread 12 says: 300 iterations
Thread 11 says: 300 iterations
Thread 10 says: 300 iterations
Thread 9 says: 300 iterations
Thread 8 says: 300 iterations
Thread 7 says: 300 iterations
Thread 6 says: 300 iterations
Thread 5 says: 300 iterations
Thread 4 says: 300 iterations
Thread 3 says: 300 iterations
Thread 2 says: 300 iterations
Thread 1 says: 300 iterations
0 errors out of 1 tests
84.83user 5.34system 0:23.96elapsed 376%CPU (0avgtext+0avgdata 68548maxresident)k
0inputs+212888outputs (0major+550132minor)pagefaults 0swaps
Running walthread1 for 20 seconds...
Thread 17 says: 40 checkpoints
Thread 16 says: 300 iterations
Thread 15 says: 300 iterations
Thread 14 says: 300 iterations
Thread 13 says: 300 iterations
Thread 12 says: 300 iterations
Thread 11 says: 300 iterations
Thread 10 says: 300 iterations
Thread 9 says: 300 iterations
Thread 8 says: 300 iterations
Thread 7 says: 300 iterations
Thread 6 says: 300 iterations
Thread 5 says: 300 iterations
Thread 4 says: 300 iterations
Thread 3 says: 300 iterations
Thread 2 says: 300 iterations
Thread 1 says: 300 iterations
0 errors out of 1 tests
85.34user 4.97system 0:24.07elapsed 375%CPU (0avgtext+0avgdata 62256maxresident)k
0inputs+204760outputs (0major+550153minor)pagefaults 0swaps
Running walthread1 for 20 seconds...
Thread 17 says: 40 checkpoints
Thread 16 says: 300 iterations
Thread 15 says: 300 iterations
Thread 14 says: 300 iterations
Thread 13 says: 300 iterations
Thread 12 says: 300 iterations
Thread 11 says: 300 iterations
Thread 10 says: 300 iterations
Thread 9 says: 300 iterations
Thread 8 says: 300 iterations
Thread 7 says: 300 iterations
Thread 6 says: 300 iterations
Thread 5 says: 300 iterations
Thread 4 says: 300 iterations
Thread 3 says: 300 iterations
Thread 2 says: 300 iterations
Thread 1 says: 300 iterations
0 errors out of 1 tests
83.34user 5.60system 0:23.88elapsed 372%CPU (0avgtext+0avgdata 62548maxresident)k
0inputs+180472outputs (0major+548592minor)pagefaults 0swaps
Running walthread1 for 20 seconds...
Thread 17 says: 40 checkpoints
Thread 16 says: 300 iterations
Thread 15 says: 300 iterations
Thread 14 says: 300 iterations
Thread 13 says: 300 iterations
Thread 12 says: 300 iterations
Thread 11 says: 300 iterations
Thread 10 says: 300 iterations
Thread 9 says: 300 iterations
Thread 8 says: 300 iterations
Thread 7 says: 300 iterations
Thread 6 says: 300 iterations
Thread 5 says: 300 iterations
Thread 4 says: 300 iterations
Thread 3 says: 300 iterations
Thread 2 says: 300 iterations
Thread 1 says: 300 iterations
0 errors out of 1 tests
83.17user 2.87system 0:20.12elapsed 427%CPU (0avgtext+0avgdata 81672maxresident)k
0inputs+212784outputs (0major+20006minor)pagefaults 0swaps
Running walthread1 for 20 seconds...
Thread 17 says: 40 checkpoints
Thread 16 says: 300 iterations
Thread 15 says: 300 iterations
Thread 14 says: 300 iterations
Thread 13 says: 300 iterations
Thread 12 says: 300 iterations
Thread 11 says: 300 iterations
Thread 10 says: 300 iterations
Thread 9 says: 300 iterations
Thread 8 says: 300 iterations
Thread 7 says: 300 iterations
Thread 6 says: 300 iterations
Thread 5 says: 300 iterations
Thread 4 says: 300 iterations
Thread 3 says: 300 iterations
Thread 2 says: 300 iterations
Thread 1 says: 300 iterations
0 errors out of 1 tests
82.89user 2.92system 0:20.49elapsed 418%CPU (0avgtext+0avgdata 81584maxresident)k
0inputs+212952outputs (0major+19981minor)pagefaults 0swaps
Running walthread1 for 20 seconds...
Thread 17 says: 40 checkpoints
Thread 16 says: 300 iterations
Thread 15 says: 300 iterations
Thread 14 says: 300 iterations
Thread 13 says: 300 iterations
Thread 12 says: 300 iterations
Thread 11 says: 300 iterations
Thread 10 says: 300 iterations
Thread 9 says: 300 iterations
Thread 8 says: 300 iterations
Thread 7 says: 300 iterations
Thread 6 says: 300 iterations
Thread 5 says: 300 iterations
Thread 4 says: 300 iterations
Thread 3 says: 300 iterations
Thread 2 says: 300 iterations
Thread 1 says: 300 iterations
0 errors out of 1 tests
83.20user 2.82system 0:20.11elapsed 427%CPU (0avgtext+0avgdata 81756maxresident)k
0inputs+217064outputs (0major+19994minor)pagefaults 0swaps
Running walthread1 for 20 seconds...
Thread 17 says: 40 checkpoints
Thread 16 says: 300 iterations
Thread 15 says: 300 iterations
Thread 14 says: 300 iterations
Thread 13 says: 300 iterations
Thread 12 says: 300 iterations
Thread 11 says: 300 iterations
Thread 10 says: 300 iterations
Thread 9 says: 300 iterations
Thread 8 says: 300 iterations
Thread 7 says: 300 iterations
Thread 6 says: 300 iterations
Thread 5 says: 300 iterations
Thread 4 says: 300 iterations
Thread 3 says: 300 iterations
Thread 2 says: 300 iterations
Thread 1 says: 300 iterations
0 errors out of 1 tests
85.02user 2.86system 0:20.32elapsed 432%CPU (0avgtext+0avgdata 81560maxresident)k
0inputs+224544outputs (0major+19998minor)pagefaults 0swaps
Running walthread1 for 20 seconds...
Thread 17 says: 40 checkpoints
Thread 16 says: 300 iterations
Thread 15 says: 300 iterations
Thread 14 says: 300 iterations
Thread 13 says: 300 iterations
Thread 12 says: 300 iterations
Thread 11 says: 300 iterations
Thread 10 says: 300 iterations
Thread 9 says: 300 iterations
Thread 8 says: 300 iterations
Thread 7 says: 300 iterations
Thread 6 says: 300 iterations
Thread 5 says: 300 iterations
Thread 4 says: 300 iterations
Thread 3 says: 300 iterations
Thread 2 says: 300 iterations
Thread 1 says: 300 iterations
0 errors out of 1 tests
81.42user 2.86system 0:20.10elapsed 419%CPU (0avgtext+0avgdata 81504maxresident)k
0inputs+200856outputs (0major+19960minor)pagefaults 0swaps
Running walthread1 for 20 seconds...
Thread 17 says: 40 checkpoints
Thread 16 says: 300 iterations
Thread 15 says: 300 iterations
Thread 14 says: 300 iterations
Thread 13 says: 300 iterations
Thread 12 says: 300 iterations
Thread 11 says: 300 iterations
Thread 10 says: 300 iterations
Thread 9 says: 300 iterations
Thread 8 says: 300 iterations
Thread 7 says: 300 iterations
Thread 6 says: 300 iterations
Thread 5 says: 300 iterations
Thread 4 says: 300 iterations
Thread 3 says: 300 iterations
Thread 2 says: 300 iterations
Thread 1 says: 300 iterations
0 errors out of 1 tests
83.28user 2.94system 0:20.10elapsed 428%CPU (0avgtext+0avgdata 81736maxresident)k
0inputs+217992outputs (0major+20020minor)pagefaults 0swaps
Running walthread1 for 20 seconds...
Thread 17 says: 40 checkpoints
Thread 16 says: 300 iterations
Thread 15 says: 300 iterations
Thread 14 says: 300 iterations
Thread 13 says: 300 iterations
Thread 12 says: 300 iterations
Thread 11 says: 300 iterations
Thread 10 says: 300 iterations
Thread 9 says: 300 iterations
Thread 8 says: 300 iterations
Thread 7 says: 300 iterations
Thread 6 says: 300 iterations
Thread 5 says: 300 iterations
Thread 4 says: 300 iterations
Thread 3 says: 300 iterations
Thread 2 says: 300 iterations
Thread 1 says: 300 iterations
0 errors out of 1 tests
83.86user 2.74system 0:20.11elapsed 430%CPU (0avgtext+0avgdata 81616maxresident)k
0inputs+217760outputs (0major+19994minor)pagefaults 0swaps
Running walthread1 for 20 seconds...
Thread 17 says: 40 checkpoints
Thread 16 says: 300 iterations
Thread 15 says: 300 iterations
Thread 14 says: 300 iterations
Thread 13 says: 300 iterations
Thread 12 says: 300 iterations
Thread 11 says: 300 iterations
Thread 10 says: 300 iterations
Thread 9 says: 300 iterations
Thread 8 says: 300 iterations
Thread 7 says: 300 iterations
Thread 6 says: 300 iterations
Thread 5 says: 300 iterations
Thread 4 says: 300 iterations
Thread 3 says: 300 iterations
Thread 2 says: 300 iterations
Thread 1 says: 300 iterations
0 errors out of 1 tests
82.58user 2.85system 0:20.09elapsed 425%CPU (0avgtext+0avgdata 81564maxresident)k
0inputs+184760outputs (0major+19942minor)pagefaults 0swaps
Running walthread1 for 20 seconds...
Thread 17 says: 40 checkpoints
Thread 16 says: 300 iterations
Thread 15 says: 300 iterations
Thread 14 says: 300 iterations
Thread 13 says: 300 iterations
Thread 12 says: 300 iterations
Thread 11 says: 300 iterations
Thread 10 says: 300 iterations
Thread 9 says: 300 iterations
Thread 8 says: 300 iterations
Thread 7 says: 300 iterations
Thread 6 says: 300 iterations
Thread 5 says: 300 iterations
Thread 4 says: 300 iterations
Thread 3 says: 300 iterations
Thread 2 says: 300 iterations
Thread 1 says: 300 iterations
0 errors out of 1 tests
82.73user 2.89system 0:20.10elapsed 425%CPU (0avgtext+0avgdata 81600maxresident)k
0inputs+198944outputs (0major+19950minor)pagefaults 0swaps
Running walthread1 for 20 seconds...
Thread 17 says: 40 checkpoints
Thread 16 says: 300 iterations
Thread 15 says: 300 iterations
Thread 14 says: 300 iterations
Thread 13 says: 300 iterations
Thread 12 says: 300 iterations
Thread 11 says: 300 iterations
Thread 10 says: 300 iterations
Thread 9 says: 300 iterations
Thread 8 says: 300 iterations
Thread 7 says: 300 iterations
Thread 6 says: 300 iterations
Thread 5 says: 300 iterations
Thread 4 says: 300 iterations
Thread 3 says: 300 iterations
Thread 2 says: 300 iterations
Thread 1 says: 300 iterations
0 errors out of 1 tests
84.15user 2.92system 0:20.11elapsed 432%CPU (0avgtext+0avgdata 81700maxresident)k
0inputs+217048outputs (0major+19993minor)pagefaults 0swaps
Running walthread1 for 20 seconds...
Thread 17 says: 40 checkpoints
Thread 16 says: 300 iterations
Thread 15 says: 300 iterations
Thread 14 says: 300 iterations
Thread 13 says: 300 iterations
Thread 12 says: 300 iterations
Thread 11 says: 300 iterations
Thread 10 says: 300 iterations
Thread 9 says: 300 iterations
Thread 8 says: 300 iterations
Thread 7 says: 300 iterations
Thread 6 says: 300 iterations
Thread 5 says: 300 iterations
Thread 4 says: 300 iterations
Thread 3 says: 300 iterations
Thread 2 says: 300 iterations
Thread 1 says: 300 iterations
0 errors out of 1 tests
85.71user 2.94system 0:20.74elapsed 427%CPU (0avgtext+0avgdata 123232maxresident)k
0inputs+195688outputs (0major+30985minor)pagefaults 0swaps
Running walthread1 for 20 seconds...
Thread 17 says: 40 checkpoints
Thread 16 says: 300 iterations
Thread 15 says: 300 iterations
Thread 14 says: 300 iterations
Thread 13 says: 300 iterations
Thread 12 says: 300 iterations
Thread 11 says: 300 iterations
Thread 10 says: 300 iterations
Thread 9 says: 300 iterations
Thread 8 says: 300 iterations
Thread 7 says: 300 iterations
Thread 6 says: 300 iterations
Thread 5 says: 300 iterations
Thread 4 says: 300 iterations
Thread 3 says: 300 iterations
Thread 2 says: 300 iterations
Thread 1 says: 300 iterations
0 errors out of 1 tests
85.44user 2.92system 0:20.12elapsed 439%CPU (0avgtext+0avgdata 123928maxresident)k
0inputs+218136outputs (0major+31188minor)pagefaults 0swaps
Running walthread1 for 20 seconds...
Thread 17 says: 40 checkpoints
Thread 16 says: 300 iterations
Thread 15 says: 300 iterations
Thread 14 says: 300 iterations
Thread 13 says: 300 iterations
Thread 12 says: 300 iterations
Thread 11 says: 300 iterations
Thread 10 says: 300 iterations
Thread 9 says: 300 iterations
Thread 8 says: 300 iterations
Thread 7 says: 300 iterations
Thread 6 says: 300 iterations
Thread 5 says: 300 iterations
Thread 4 says: 300 iterations
Thread 3 says: 300 iterations
Thread 2 says: 300 iterations
Thread 1 says: 300 iterations
0 errors out of 1 tests
86.41user 2.88system 0:21.00elapsed 425%CPU (0avgtext+0avgdata 124012maxresident)k
0inputs+213376outputs (0major+31228minor)pagefaults 0swaps
Running walthread1 for 20 seconds...
Thread 17 says: 40 checkpoints
Thread 16 says: 300 iterations
Thread 15 says: 300 iterations
Thread 14 says: 300 iterations
Thread 13 says: 300 iterations
Thread 12 says: 300 iterations
Thread 11 says: 300 iterations
Thread 10 says: 300 iterations
Thread 9 says: 300 iterations
Thread 8 says: 300 iterations
Thread 7 says: 300 iterations
Thread 6 says: 300 iterations
Thread 5 says: 300 iterations
Thread 4 says: 300 iterations
Thread 3 says: 300 iterations
Thread 2 says: 300 iterations
Thread 1 says: 300 iterations
0 errors out of 1 tests
85.30user 2.93system 0:20.14elapsed 438%CPU (0avgtext+0avgdata 123980maxresident)k
0inputs+222048outputs (0major+31203minor)pagefaults 0swaps
Running walthread1 for 20 seconds...
Thread 17 says: 40 checkpoints
Thread 16 says: 300 iterations
Thread 15 says: 300 iterations
Thread 14 says: 300 iterations
Thread 13 says: 300 iterations
Thread 12 says: 300 iterations
Thread 11 says: 300 iterations
Thread 10 says: 300 iterations
Thread 9 says: 300 iterations
Thread 8 says: 300 iterations
Thread 7 says: 300 iterations
Thread 6 says: 300 iterations
Thread 5 says: 300 iterations
Thread 4 says: 300 iterations
Thread 3 says: 300 iterations
Thread 2 says: 300 iterations
Thread 1 says: 300 iterations
0 errors out of 1 tests
87.36user 2.92system 0:20.51elapsed 440%CPU (0avgtext+0avgdata 123676maxresident)k
0inputs+187928outputs (0major+31172minor)pagefaults 0swaps
Running walthread1 for 20 seconds...
Thread 17 says: 40 checkpoints
Thread 16 says: 300 iterations
Thread 15 says: 300 iterations
Thread 14 says: 300 iterations
Thread 13 says: 300 iterations
Thread 12 says: 300 iterations
Thread 11 says: 300 iterations
Thread 10 says: 300 iterations
Thread 9 says: 300 iterations
Thread 8 says: 300 iterations
Thread 7 says: 300 iterations
Thread 6 says: 300 iterations
Thread 5 says: 300 iterations
Thread 4 says: 300 iterations
Thread 3 says: 300 iterations
Thread 2 says: 300 iterations
Thread 1 says: 300 iterations
0 errors out of 1 tests
85.71user 3.04system 0:20.11elapsed 441%CPU (0avgtext+0avgdata 124204maxresident)k
0inputs+211704outputs (0major+31261minor)pagefaults 0swaps
Running walthread1 for 20 seconds...
Thread 17 says: 40 checkpoints
Thread 16 says: 300 iterations
Thread 15 says: 300 iterations
Thread 14 says: 300 iterations
Thread 13 says: 300 iterations
Thread 12 says: 300 iterations
Thread 11 says: 300 iterations
Thread 10 says: 300 iterations
Thread 9 says: 300 iterations
Thread 8 says: 300 iterations
Thread 7 says: 300 iterations
Thread 6 says: 300 iterations
Thread 5 says: 300 iterations
Thread 4 says: 300 iterations
Thread 3 says: 300 iterations
Thread 2 says: 300 iterations
Thread 1 says: 300 iterations
0 errors out of 1 tests
86.04user 2.94system 0:20.32elapsed 437%CPU (0avgtext+0avgdata 123260maxresident)k
0inputs+217704outputs (0major+31008minor)pagefaults 0swaps
Running walthread1 for 20 seconds...
Thread 17 says: 40 checkpoints
Thread 16 says: 300 iterations
Thread 15 says: 300 iterations
Thread 14 says: 300 iterations
Thread 13 says: 300 iterations
Thread 12 says: 300 iterations
Thread 11 says: 300 iterations
Thread 10 says: 300 iterations
Thread 9 says: 300 iterations
Thread 8 says: 300 iterations
Thread 7 says: 300 iterations
Thread 6 says: 300 iterations
Thread 5 says: 300 iterations
Thread 4 says: 300 iterations
Thread 3 says: 300 iterations
Thread 2 says: 300 iterations
Thread 1 says: 300 iterations
0 errors out of 1 tests
86.00user 2.82system 0:20.41elapsed 435%CPU (0avgtext+0avgdata 122916maxresident)k
0inputs+168544outputs (0major+30905minor)pagefaults 0swaps
Running walthread1 for 20 seconds...
Thread 17 says: 40 checkpoints
Thread 16 says: 300 iterations
Thread 15 says: 300 iterations
Thread 14 says: 300 iterations
Thread 13 says: 300 iterations
Thread 12 says: 300 iterations
Thread 11 says: 300 iterations
Thread 10 says: 300 iterations
Thread 9 says: 300 iterations
Thread 8 says: 300 iterations
Thread 7 says: 300 iterations
Thread 6 says: 300 iterations
Thread 5 says: 300 iterations
Thread 4 says: 300 iterations
Thread 3 says: 300 iterations
Thread 2 says: 300 iterations
Thread 1 says: 300 iterations
0 errors out of 1 tests
85.00user 2.86system 0:20.11elapsed 436%CPU (0avgtext+0avgdata 123376maxresident)k
0inputs+200536outputs (0major+31065minor)pagefaults 0swaps
Running walthread1 for 20 seconds...
Thread 17 says: 40 checkpoints
Thread 16 says: 300 iterations
Thread 15 says: 300 iterations
Thread 14 says: 300 iterations
Thread 13 says: 300 iterations
Thread 12 says: 300 iterations
Thread 11 says: 300 iterations
Thread 10 says: 300 iterations
Thread 9 says: 300 iterations
Thread 8 says: 300 iterations
Thread 7 says: 300 iterations
Thread 6 says: 300 iterations
Thread 5 says: 300 iterations
Thread 4 says: 300 iterations
Thread 3 says: 300 iterations
Thread 2 says: 300 iterations
Thread 1 says: 300 iterations
0 errors out of 1 tests
85.25user 2.88system 0:20.18elapsed 436%CPU (0avgtext+0avgdata 123080maxresident)k
0inputs+193776outputs (0major+30970minor)pagefaults 0swaps
Running walthread1 for 20 seconds...
Thread 17 says: 40 checkpoints
Thread 16 says: 300 iterations
Thread 15 says: 300 iterations
Thread 14 says: 300 iterations
Thread 13 says: 300 iterations
Thread 12 says: 300 iterations
Thread 11 says: 300 iterations
Thread 10 says: 300 iterations
Thread 9 says: 300 iterations
Thread 8 says: 300 iterations
Thread 7 says: 300 iterations
Thread 6 says: 300 iterations
Thread 5 says: 300 iterations
Thread 4 says: 300 iterations
Thread 3 says: 300 iterations
Thread 2 says: 300 iterations
Thread 1 says: 300 iterations
0 errors out of 1 tests
85.69user 3.05system 0:20.14elapsed 440%CPU (0avgtext+0avgdata 125400maxresident)k
0inputs+216992outputs (0major+31557minor)pagefaults 0swaps
Running walthread1 for 20 seconds...
Thread 17 says: 40 checkpoints
Thread 16 says: 300 iterations
Thread 15 says: 300 iterations
Thread 14 says: 300 iterations
Thread 13 says: 300 iterations
Thread 12 says: 300 iterations
Thread 11 says: 300 iterations
Thread 10 says: 300 iterations
Thread 9 says: 300 iterations
Thread 8 says: 300 iterations
Thread 7 says: 300 iterations
Thread 6 says: 300 iterations
Thread 5 says: 300 iterations
Thread 4 says: 300 iterations
Thread 3 says: 300 iterations
Thread 2 says: 300 iterations
Thread 1 says: 300 iterations
0 errors out of 1 tests
85.69user 2.93system 0:20.48elapsed 432%CPU (0avgtext+0avgdata 124912maxresident)k
0inputs+199544outputs (0major+31421minor)pagefaults 0swaps
Running walthread1 for 20 seconds...
Thread 17 says: 40 checkpoints
Thread 16 says: 300 iterations
Thread 15 says: 300 iterations
Thread 14 says: 300 iterations
Thread 13 says: 300 iterations
Thread 12 says: 300 iterations
Thread 11 says: 300 iterations
Thread 10 says: 300 iterations
Thread 9 says: 300 iterations
Thread 8 says: 300 iterations
Thread 7 says: 300 iterations
Thread 6 says: 300 iterations
Thread 5 says: 300 iterations
Thread 4 says: 300 iterations
Thread 3 says: 300 iterations
Thread 2 says: 300 iterations
Thread 1 says: 300 iterations
0 errors out of 1 tests
86.66user 2.98system 0:20.27elapsed 442%CPU (0avgtext+0avgdata 124264maxresident)k
0inputs+207704outputs (0major+31171minor)pagefaults 0swaps
Running walthread1 for 20 seconds...
Thread 17 says: 40 checkpoints
Thread 16 says: 300 iterations
Thread 15 says: 300 iterations
Thread 14 says: 300 iterations
Thread 13 says: 300 iterations
Thread 12 says: 300 iterations
Thread 11 says: 300 iterations
Thread 10 says: 300 iterations
Thread 9 says: 300 iterations
Thread 8 says: 300 iterations
Thread 7 says: 300 iterations
Thread 6 says: 300 iterations
Thread 5 says: 300 iterations
Thread 4 says: 300 iterations
Thread 3 says: 300 iterations
Thread 2 says: 300 iterations
Thread 1 says: 300 iterations
0 errors out of 1 tests
87.09user 2.94system 0:20.33elapsed 442%CPU (0avgtext+0avgdata 124504maxresident)k
0inputs+213584outputs (0major+31224minor)pagefaults 0swaps
Running walthread1 for 20 seconds...
Thread 17 says: 40 checkpoints
Thread 16 says: 300 iterations
Thread 15 says: 300 iterations
Thread 14 says: 300 iterations
Thread 13 says: 300 iterations
Thread 12 says: 300 iterations
Thread 11 says: 300 iterations
Thread 10 says: 300 iterations
Thread 9 says: 300 iterations
Thread 8 says: 300 iterations
Thread 7 says: 300 iterations
Thread 6 says: 300 iterations
Thread 5 says: 300 iterations
Thread 4 says: 300 iterations
Thread 3 says: 300 iterations
Thread 2 says: 300 iterations
Thread 1 says: 300 iterations
0 errors out of 1 tests
86.18user 3.05system 0:20.37elapsed 438%CPU (0avgtext+0avgdata 125440maxresident)k
0inputs+215544outputs (0major+31601minor)pagefaults 0swaps
Running walthread1 for 20 seconds...
Thread 17 says: 40 checkpoints
Thread 16 says: 300 iterations
Thread 15 says: 300 iterations
Thread 14 says: 300 iterations
Thread 13 says: 300 iterations
Thread 12 says: 300 iterations
Thread 11 says: 300 iterations
Thread 10 says: 300 iterations
Thread 9 says: 300 iterations
Thread 8 says: 300 iterations
Thread 7 says: 300 iterations
Thread 6 says: 300 iterations
Thread 5 says: 300 iterations
Thread 4 says: 300 iterations
Thread 3 says: 300 iterations
Thread 2 says: 300 iterations
Thread 1 says: 300 iterations
0 errors out of 1 tests
87.42user 3.06system 0:20.80elapsed 434%CPU (0avgtext+0avgdata 125392maxresident)k
0inputs+219912outputs (0major+31553minor)pagefaults 0swaps
Running walthread1 for 20 seconds...
Thread 17 says: 40 checkpoints
Thread 16 says: 300 iterations
Thread 15 says: 300 iterations
Thread 14 says: 300 iterations
Thread 13 says: 300 iterations
Thread 12 says: 300 iterations
Thread 11 says: 300 iterations
Thread 10 says: 300 iterations
Thread 9 says: 300 iterations
Thread 8 says: 300 iterations
Thread 7 says: 300 iterations
Thread 6 says: 300 iterations
Thread 5 says: 300 iterations
Thread 4 says: 300 iterations
Thread 3 says: 300 iterations
Thread 2 says: 300 iterations
Thread 1 says: 300 iterations
0 errors out of 1 tests
85.96user 3.09system 0:20.83elapsed 427%CPU (0avgtext+0avgdata 124292maxresident)k
0inputs+213184outputs (0major+31259minor)pagefaults 0swaps
Running walthread1 for 20 seconds...
Thread 17 says: 40 checkpoints
Thread 16 says: 300 iterations
Thread 15 says: 300 iterations
Thread 14 says: 300 iterations
Thread 13 says: 300 iterations
Thread 12 says: 300 iterations
Thread 11 says: 300 iterations
Thread 10 says: 300 iterations
Thread 9 says: 300 iterations
Thread 8 says: 300 iterations
Thread 7 says: 300 iterations
Thread 6 says: 300 iterations
Thread 5 says: 300 iterations
Thread 4 says: 300 iterations
Thread 3 says: 300 iterations
Thread 2 says: 300 iterations
Thread 1 says: 300 iterations
0 errors out of 1 tests
88.75user 2.97system 0:20.82elapsed 440%CPU (0avgtext+0avgdata 125352maxresident)k
0inputs+207912outputs (0major+31533minor)pagefaults 0swaps
Running walthread1 for 20 seconds...
Thread 17 says: 40 checkpoints
Thread 16 says: 300 iterations
Thread 15 says: 300 iterations
Thread 14 says: 300 iterations
Thread 13 says: 300 iterations
Thread 12 says: 300 iterations
Thread 11 says: 300 iterations
Thread 10 says: 300 iterations
Thread 9 says: 300 iterations
Thread 8 says: 300 iterations
Thread 7 says: 300 iterations
Thread 6 says: 300 iterations
Thread 5 says: 300 iterations
Thread 4 says: 300 iterations
Thread 3 says: 300 iterations
Thread 2 says: 300 iterations
Thread 1 says: 300 iterations
0 errors out of 1 tests
86.56user 2.98system 0:20.54elapsed 435%CPU (0avgtext+0avgdata 124524maxresident)k
0inputs+208480outputs (0major+31218minor)pagefaults 0swaps
Running walthread1 for 20 seconds...
Thread 17 says: 40 checkpoints
Thread 16 says: 300 iterations
Thread 15 says: 300 iterations
Thread 14 says: 300 iterations
Thread 13 says: 300 iterations
Thread 12 says: 300 iterations
Thread 11 says: 300 iterations
Thread 10 says: 300 iterations
Thread 9 says: 300 iterations
Thread 8 says: 300 iterations
Thread 7 says: 300 iterations
Thread 6 says: 300 iterations
Thread 5 says: 300 iterations
Thread 4 says: 300 iterations
Thread 3 says: 300 iterations
Thread 2 says: 300 iterations
Thread 1 says: 300 iterations
0 errors out of 1 tests
85.31user 3.04system 0:20.21elapsed 437%CPU (0avgtext+0avgdata 123868maxresident)k
0inputs+203320outputs (0major+31063minor)pagefaults 0swaps
/home/hongyuliu/workspace/MyLibraries/libnull.so 	20.5412499998
/home/sam/Memoryallocators/DieHard-old/src/libdieharder.so 	23.7837500004
/home/sam/FreeGuard/source/libfreechecker-none.so 	20.1412499999
/home/sam/FreeGuard/source/libfreechecker-rnd.so 	20.32375
/home/sam/FreeGuard/source/libfreechecker-all.so 	20.4850000003
