gcc: warning: /home/st/Projects/multithreadingtests/myartifects/libhoard.so: linker input file unused because linking not done
gcc: warning: /home/st/Projects/multithreadingtests/myartifects/libhoard.so: linker input file unused because linking not done
gcc: warning: /home/st/Projects/multithreadingtests/myartifects/libhoard.so: linker input file unused because linking not done
gcc: warning: /home/st/Projects/multithreadingtests/myartifects/libhoard.so: linker input file unused because linking not done
gcc: warning: /home/st/Projects/multithreadingtests/myartifects/libhoard.so: linker input file unused because linking not done
gcc: warning: /home/st/Projects/multithreadingtests/myartifects/libhoard.so: linker input file unused because linking not done
gcc: warning: /home/st/Projects/multithreadingtests/myartifects/libhoard.so: linker input file unused because linking not done
gcc: warning: /home/st/Projects/multithreadingtests/myartifects/libhoard.so: linker input file unused because linking not done
gcc: warning: /home/st/Projects/multithreadingtests/myartifects/libhoard.so: linker input file unused because linking not done
gcc: warning: /home/st/Projects/multithreadingtests/myartifects/libhoard.so: linker input file unused because linking not done
gcc: warning: /home/st/Projects/multithreadingtests/myartifects/libhoard.so: linker input file unused because linking not done
gcc: warning: /home/st/Projects/multithreadingtests/myartifects/libhoard.so: linker input file unused because linking not done
gcc: warning: /home/st/Projects/multithreadingtests/myartifects/libhoard.so: linker input file unused because linking not done
gcc: warning: /home/st/Projects/multithreadingtests/myartifects/libhoard.so: linker input file unused because linking not done
gcc: warning: /home/st/Projects/multithreadingtests/myartifects/libhoard.so: linker input file unused because linking not done
gcc: warning: /home/st/Projects/multithreadingtests/myartifects/libhoard.so: linker input file unused because linking not done
gcc: warning: /home/st/Projects/multithreadingtests/myartifects/libhoard.so: linker input file unused because linking not done
gcc: warning: /home/st/Projects/multithreadingtests/myartifects/libhoard.so: linker input file unused because linking not done
gcc: warning: /home/st/Projects/multithreadingtests/myartifects/libhoard.so: linker input file unused because linking not done
gcc: warning: /home/st/Projects/multithreadingtests/myartifects/libhoard.so: linker input file unused because linking not done
gcc: warning: /home/st/Projects/multithreadingtests/myartifects/libhoard.so: linker input file unused because linking not done
gcc: warning: /home/st/Projects/multithreadingtests/myartifects/libhoard.so: linker input file unused because linking not done
gcc: warning: /home/st/Projects/multithreadingtests/myartifects/libhoard.so: linker input file unused because linking not done
gcc: warning: /home/st/Projects/multithreadingtests/myartifects/libhoard.so: linker input file unused because linking not done
gcc: warning: /home/st/Projects/multithreadingtests/myartifects/libhoard.so: linker input file unused because linking not done
gcc: warning: /home/st/Projects/multithreadingtests/myartifects/libhoard.so: linker input file unused because linking not done
gcc: warning: /home/st/Projects/multithreadingtests/myartifects/libhoard.so: linker input file unused because linking not done
gcc: warning: /home/st/Projects/multithreadingtests/myartifects/libhoard.so: linker input file unused because linking not done
gcc: warning: /home/st/Projects/multithreadingtests/myartifects/libhoard.so: linker input file unused because linking not done
gcc: warning: /home/st/Projects/multithreadingtests/myartifects/libhoard.so: linker input file unused because linking not done
gcc: warning: /home/st/Projects/multithreadingtests/myartifects/libhoard.so: linker input file unused because linking not done
gcc: warning: /home/st/Projects/multithreadingtests/myartifects/libhoard.so: linker input file unused because linking not done
gcc: warning: /home/st/Projects/multithreadingtests/myartifects/libhoard.so: linker input file unused because linking not done
gcc: warning: /home/st/Projects/multithreadingtests/myartifects/libhoard.so: linker input file unused because linking not done
gcc: warning: /home/st/Projects/multithreadingtests/myartifects/libhoard.so: linker input file unused because linking not done
gcc: warning: /home/st/Projects/multithreadingtests/myartifects/libhoard.so: linker input file unused because linking not done
gcc: warning: /home/st/Projects/multithreadingtests/myartifects/libhoard.so: linker input file unused because linking not done
gcc: warning: /home/st/Projects/multithreadingtests/myartifects/libhoard.so: linker input file unused because linking not done
gcc: warning: /home/st/Projects/multithreadingtests/myartifects/libhoard.so: linker input file unused because linking not done
gcc: warning: /home/st/Projects/multithreadingtests/myartifects/libhoard.so: linker input file unused because linking not done
gcc: warning: /home/st/Projects/multithreadingtests/myartifects/libhoard.so: linker input file unused because linking not done
gcc: warning: /home/st/Projects/multithreadingtests/myartifects/libhoard.so: linker input file unused because linking not done
gcc: warning: /home/st/Projects/multithreadingtests/myartifects/libhoard.so: linker input file unused because linking not done
gcc: warning: /home/st/Projects/multithreadingtests/myartifects/libhoard.so: linker input file unused because linking not done
gcc: warning: /home/st/Projects/multithreadingtests/myartifects/libhoard.so: linker input file unused because linking not done
gcc: warning: /home/st/Projects/multithreadingtests/myartifects/libhoard.so: linker input file unused because linking not done
gcc: warning: /home/st/Projects/multithreadingtests/myartifects/libhoard.so: linker input file unused because linking not done
gcc: warning: /home/st/Projects/multithreadingtests/myartifects/libhoard.so: linker input file unused because linking not done
gcc: warning: /home/st/Projects/multithreadingtests/myartifects/libhoard.so: linker input file unused because linking not done
gcc: warning: /home/st/Projects/multithreadingtests/myartifects/libhoard.so: linker input file unused because linking not done
gcc: warning: /home/st/Projects/multithreadingtests/myartifects/libhoard.so: linker input file unused because linking not done
gcc: warning: /home/st/Projects/multithreadingtests/myartifects/libhoard.so: linker input file unused because linking not done
gcc: warning: /home/st/Projects/multithreadingtests/myartifects/libhoard.so: linker input file unused because linking not done
gcc: warning: /home/st/Projects/multithreadingtests/myartifects/libhoard.so: linker input file unused because linking not done
gcc: warning: /home/st/Projects/multithreadingtests/myartifects/libhoard.so: linker input file unused because linking not done
gcc: warning: /home/st/Projects/multithreadingtests/myartifects/libhoard.so: linker input file unused because linking not done
gcc: warning: /home/st/Projects/multithreadingtests/myartifects/libhoard.so: linker input file unused because linking not done
gcc: warning: /home/st/Projects/multithreadingtests/myartifects/libhoard.so: linker input file unused because linking not done
gcc: warning: /home/st/Projects/multithreadingtests/myartifects/libhoard.so: linker input file unused because linking not done
gcc: warning: /home/st/Projects/multithreadingtests/myartifects/libhoard.so: linker input file unused because linking not done
gcc: warning: /home/st/Projects/multithreadingtests/myartifects/libhoard.so: linker input file unused because linking not done
gcc: warning: /home/st/Projects/multithreadingtests/myartifects/libhoard.so: linker input file unused because linking not done
gcc: warning: /home/st/Projects/multithreadingtests/myartifects/libhoard.so: linker input file unused because linking not done
gcc: warning: /home/st/Projects/multithreadingtests/myartifects/libhoard.so: linker input file unused because linking not done
gcc: warning: /home/st/Projects/multithreadingtests/myartifects/libhoard.so: linker input file unused because linking not done
gcc: warning: /home/st/Projects/multithreadingtests/myartifects/libhoard.so: linker input file unused because linking not done
gcc: warning: /home/st/Projects/multithreadingtests/myartifects/libhoard.so: linker input file unused because linking not done
gcc: warning: /home/st/Projects/multithreadingtests/myartifects/libhoard.so: linker input file unused because linking not done
gcc: warning: /home/st/Projects/multithreadingtests/myartifects/libhoard.so: linker input file unused because linking not done
gcc: warning: /home/st/Projects/multithreadingtests/myartifects/libhoard.so: linker input file unused because linking not done
gcc: warning: /home/st/Projects/multithreadingtests/myartifects/libhoard.so: linker input file unused because linking not done
gcc: warning: /home/st/Projects/multithreadingtests/myartifects/libhoard.so: linker input file unused because linking not done
gcc: warning: /home/st/Projects/multithreadingtests/myartifects/libhoard.so: linker input file unused because linking not done
gcc: warning: /home/st/Projects/multithreadingtests/myartifects/libhoard.so: linker input file unused because linking not done
gcc: warning: /home/st/Projects/multithreadingtests/myartifects/libhoard.so: linker input file unused because linking not done
gcc: warning: /home/st/Projects/multithreadingtests/myartifects/libhoard.so: linker input file unused because linking not done
gcc: warning: /home/st/Projects/multithreadingtests/myartifects/libhoard.so: linker input file unused because linking not done
gcc: warning: /home/st/Projects/multithreadingtests/myartifects/libhoard.so: linker input file unused because linking not done
gcc: warning: /home/st/Projects/multithreadingtests/myartifects/libhoard.so: linker input file unused because linking not done
gcc: warning: /home/st/Projects/multithreadingtests/myartifects/libhoard.so: linker input file unused because linking not done
gcc: warning: /home/st/Projects/multithreadingtests/myartifects/libhoard.so: linker input file unused because linking not done
gcc: warning: /home/st/Projects/multithreadingtests/myartifects/libhoard.so: linker input file unused because linking not done
In file included from mod_socache_shmcb.c:18:
mod_socache_shmcb.c: In function ‘socache_shmcb_init’:
/home/st/Projects/multithreadingtests/realworldapps/apache/src/include/http_log.h:367:14: warning: ‘%s’ directive argument is null [-Wformat-overflow=]
  367 |              ap_log_error_(file, line, mi, level, status, sr__, __VA_ARGS__);    \
      |              ^~~~~~~~~~~~~~~~~~~~~~~~~~~~~~~~~~~~~~~~~~~~~~~~~~~~~~~~~~~~~~~
/home/st/Projects/multithreadingtests/realworldapps/apache/src/include/http_log.h:363:27: note: in expansion of macro ‘ap_log_error__’
  363 | #define ap_log_error(...) ap_log_error__(__VA_ARGS__)
      |                           ^~~~~~~~~~~~~~
mod_socache_shmcb.c:370:13: note: in expansion of macro ‘ap_log_error’
  370 |             ap_log_error(APLOG_MARK, APLOG_ERR, 0, s, APLOGNO(00818)
      |             ^~~~~~~~~~~~
gcc: warning: /home/st/Projects/multithreadingtests/myartifects/libhoard.so: linker input file unused because linking not done
gcc: warning: /home/st/Projects/multithreadingtests/myartifects/libhoard.so: linker input file unused because linking not done
gcc: warning: /home/st/Projects/multithreadingtests/myartifects/libhoard.so: linker input file unused because linking not done
gcc: warning: /home/st/Projects/multithreadingtests/myartifects/libhoard.so: linker input file unused because linking not done
gcc: warning: /home/st/Projects/multithreadingtests/myartifects/libhoard.so: linker input file unused because linking not done
gcc: warning: /home/st/Projects/multithreadingtests/myartifects/libhoard.so: linker input file unused because linking not done
gcc: warning: /home/st/Projects/multithreadingtests/myartifects/libhoard.so: linker input file unused because linking not done
gcc: warning: /home/st/Projects/multithreadingtests/myartifects/libhoard.so: linker input file unused because linking not done
gcc: warning: /home/st/Projects/multithreadingtests/myartifects/libhoard.so: linker input file unused because linking not done
gcc: warning: /home/st/Projects/multithreadingtests/myartifects/libhoard.so: linker input file unused because linking not done
gcc: warning: /home/st/Projects/multithreadingtests/myartifects/libhoard.so: linker input file unused because linking not done
gcc: warning: /home/st/Projects/multithreadingtests/myartifects/libhoard.so: linker input file unused because linking not done
gcc: warning: /home/st/Projects/multithreadingtests/myartifects/libhoard.so: linker input file unused because linking not done
gcc: warning: /home/st/Projects/multithreadingtests/myartifects/libhoard.so: linker input file unused because linking not done
gcc: warning: /home/st/Projects/multithreadingtests/myartifects/libhoard.so: linker input file unused because linking not done
gcc: warning: /home/st/Projects/multithreadingtests/myartifects/libhoard.so: linker input file unused because linking not done
gcc: warning: /home/st/Projects/multithreadingtests/myartifects/libhoard.so: linker input file unused because linking not done
gcc: warning: /home/st/Projects/multithreadingtests/myartifects/libhoard.so: linker input file unused because linking not done
gcc: warning: /home/st/Projects/multithreadingtests/myartifects/libhoard.so: linker input file unused because linking not done
gcc: warning: /home/st/Projects/multithreadingtests/myartifects/libhoard.so: linker input file unused because linking not done
gcc: warning: /home/st/Projects/multithreadingtests/myartifects/libhoard.so: linker input file unused because linking not done
gcc: warning: /home/st/Projects/multithreadingtests/myartifects/libhoard.so: linker input file unused because linking not done
gcc: warning: /home/st/Projects/multithreadingtests/myartifects/libhoard.so: linker input file unused because linking not done
gcc: warning: /home/st/Projects/multithreadingtests/myartifects/libhoard.so: linker input file unused because linking not done
gcc: warning: /home/st/Projects/multithreadingtests/myartifects/libhoard.so: linker input file unused because linking not done
gcc: warning: /home/st/Projects/multithreadingtests/myartifects/libhoard.so: linker input file unused because linking not done
gcc: warning: /home/st/Projects/multithreadingtests/myartifects/libhoard.so: linker input file unused because linking not done
gcc: warning: /home/st/Projects/multithreadingtests/myartifects/libhoard.so: linker input file unused because linking not done
gcc: warning: /home/st/Projects/multithreadingtests/myartifects/libhoard.so: linker input file unused because linking not done
gcc: warning: /home/st/Projects/multithreadingtests/myartifects/libhoard.so: linker input file unused because linking not done
gcc: warning: /home/st/Projects/multithreadingtests/myartifects/libhoard.so: linker input file unused because linking not done
gcc: warning: /home/st/Projects/multithreadingtests/myartifects/libhoard.so: linker input file unused because linking not done
gcc: warning: /home/st/Projects/multithreadingtests/myartifects/libhoard.so: linker input file unused because linking not done
gcc: warning: /home/st/Projects/multithreadingtests/myartifects/libhoard.so: linker input file unused because linking not done
gcc: warning: /home/st/Projects/multithreadingtests/myartifects/libhoard.so: linker input file unused because linking not done
gcc: warning: /home/st/Projects/multithreadingtests/myartifects/libhoard.so: linker input file unused because linking not done
gcc: warning: /home/st/Projects/multithreadingtests/myartifects/libhoard.so: linker input file unused because linking not done
gcc: warning: /home/st/Projects/multithreadingtests/myartifects/libhoard.so: linker input file unused because linking not done
gcc: warning: /home/st/Projects/multithreadingtests/myartifects/libhoard.so: linker input file unused because linking not done
gcc: warning: /home/st/Projects/multithreadingtests/myartifects/libhoard.so: linker input file unused because linking not done
gcc: warning: /home/st/Projects/multithreadingtests/myartifects/libhoard.so: linker input file unused because linking not done
gcc: warning: /home/st/Projects/multithreadingtests/myartifects/libhoard.so: linker input file unused because linking not done
gcc: warning: /home/st/Projects/multithreadingtests/myartifects/libhoard.so: linker input file unused because linking not done
gcc: warning: /home/st/Projects/multithreadingtests/myartifects/libhoard.so: linker input file unused because linking not done
gcc: warning: /home/st/Projects/multithreadingtests/myartifects/libhoard.so: linker input file unused because linking not done
gcc: warning: /home/st/Projects/multithreadingtests/myartifects/libhoard.so: linker input file unused because linking not done
gcc: warning: /home/st/Projects/multithreadingtests/myartifects/libhoard.so: linker input file unused because linking not done
gcc: warning: /home/st/Projects/multithreadingtests/myartifects/libhoard.so: linker input file unused because linking not done
gcc: warning: /home/st/Projects/multithreadingtests/myartifects/libhoard.so: linker input file unused because linking not done
gcc: warning: /home/st/Projects/multithreadingtests/myartifects/libhoard.so: linker input file unused because linking not done
gcc: warning: /home/st/Projects/multithreadingtests/myartifects/libhoard.so: linker input file unused because linking not done
gcc: warning: /home/st/Projects/multithreadingtests/myartifects/libhoard.so: linker input file unused because linking not done
gcc: warning: /home/st/Projects/multithreadingtests/myartifects/libhoard.so: linker input file unused because linking not done
gcc: warning: /home/st/Projects/multithreadingtests/myartifects/libhoard.so: linker input file unused because linking not done
gcc: warning: /home/st/Projects/multithreadingtests/myartifects/libhoard.so: linker input file unused because linking not done
gcc: warning: /home/st/Projects/multithreadingtests/myartifects/libhoard.so: linker input file unused because linking not done
gcc: warning: /home/st/Projects/multithreadingtests/myartifects/libhoard.so: linker input file unused because linking not done
gcc: warning: /home/st/Projects/multithreadingtests/myartifects/libhoard.so: linker input file unused because linking not done
gcc: warning: /home/st/Projects/multithreadingtests/myartifects/libhoard.so: linker input file unused because linking not done
gcc: warning: /home/st/Projects/multithreadingtests/myartifects/libhoard.so: linker input file unused because linking not done
gcc: warning: /home/st/Projects/multithreadingtests/myartifects/libhoard.so: linker input file unused because linking not done
gcc: warning: /home/st/Projects/multithreadingtests/myartifects/libhoard.so: linker input file unused because linking not done
In file included from ssl_private.h:33,
                 from ssl_engine_init.c:29:
In function ‘ssl_init_server_ctx’,
    inlined from ‘ssl_init_ConfigureServer’ at ssl_engine_init.c:1846:19:
/home/st/Projects/multithreadingtests/realworldapps/apache/src/include/http_log.h:367:14: warning: ‘%s’ directive argument is null [-Wformat-overflow=]
  367 |              ap_log_error_(file, line, mi, level, status, sr__, __VA_ARGS__);    \
      |              ^~~~~~~~~~~~~~~~~~~~~~~~~~~~~~~~~~~~~~~~~~~~~~~~~~~~~~~~~~~~~~~
/home/st/Projects/multithreadingtests/realworldapps/apache/src/include/http_log.h:363:27: note: in expansion of macro ‘ap_log_error__’
  363 | #define ap_log_error(...) ap_log_error__(__VA_ARGS__)
      |                           ^~~~~~~~~~~~~~
ssl_engine_init.c:1723:17: note: in expansion of macro ‘ap_log_error’
 1723 |                 ap_log_error(APLOG_MARK, APLOG_TRACE1, 0, s,
      |                 ^~~~~~~~~~~~
ssl_engine_init.c: In function ‘ssl_init_ConfigureServer’:
ssl_engine_init.c:1724:69: note: format string is defined here
 1724 |                              "%s: installing key=%s, cert=%s, chain=%s",
      |                                                                     ^~
gcc: warning: /home/st/Projects/multithreadingtests/myartifects/libhoard.so: linker input file unused because linking not done
gcc: warning: /home/st/Projects/multithreadingtests/myartifects/libhoard.so: linker input file unused because linking not done
gcc: warning: /home/st/Projects/multithreadingtests/myartifects/libhoard.so: linker input file unused because linking not done
gcc: warning: /home/st/Projects/multithreadingtests/myartifects/libhoard.so: linker input file unused because linking not done
gcc: warning: /home/st/Projects/multithreadingtests/myartifects/libhoard.so: linker input file unused because linking not done
gcc: warning: /home/st/Projects/multithreadingtests/myartifects/libhoard.so: linker input file unused because linking not done
gcc: warning: /home/st/Projects/multithreadingtests/myartifects/libhoard.so: linker input file unused because linking not done
gcc: warning: /home/st/Projects/multithreadingtests/myartifects/libhoard.so: linker input file unused because linking not done
gcc: warning: /home/st/Projects/multithreadingtests/myartifects/libhoard.so: linker input file unused because linking not done
gcc: warning: /home/st/Projects/multithreadingtests/myartifects/libhoard.so: linker input file unused because linking not done
gcc: warning: /home/st/Projects/multithreadingtests/myartifects/libhoard.so: linker input file unused because linking not done
gcc: warning: /home/st/Projects/multithreadingtests/myartifects/libhoard.so: linker input file unused because linking not done
gcc: warning: /home/st/Projects/multithreadingtests/myartifects/libhoard.so: linker input file unused because linking not done
gcc: warning: /home/st/Projects/multithreadingtests/myartifects/libhoard.so: linker input file unused because linking not done
gcc: warning: /home/st/Projects/multithreadingtests/myartifects/libhoard.so: linker input file unused because linking not done
gcc: warning: /home/st/Projects/multithreadingtests/myartifects/libhoard.so: linker input file unused because linking not done
gcc: warning: /home/st/Projects/multithreadingtests/myartifects/libhoard.so: linker input file unused because linking not done
gcc: warning: /home/st/Projects/multithreadingtests/myartifects/libhoard.so: linker input file unused because linking not done
gcc: warning: /home/st/Projects/multithreadingtests/myartifects/libhoard.so: linker input file unused because linking not done
gcc: warning: /home/st/Projects/multithreadingtests/myartifects/libhoard.so: linker input file unused because linking not done
gcc: warning: /home/st/Projects/multithreadingtests/myartifects/libhoard.so: linker input file unused because linking not done
gcc: warning: /home/st/Projects/multithreadingtests/myartifects/libhoard.so: linker input file unused because linking not done
gcc: warning: /home/st/Projects/multithreadingtests/myartifects/libhoard.so: linker input file unused because linking not done
gcc: warning: /home/st/Projects/multithreadingtests/myartifects/libhoard.so: linker input file unused because linking not done
gcc: warning: /home/st/Projects/multithreadingtests/myartifects/libhoard.so: linker input file unused because linking not done
gcc: warning: /home/st/Projects/multithreadingtests/myartifects/libhoard.so: linker input file unused because linking not done
gcc: warning: /home/st/Projects/multithreadingtests/myartifects/libhoard.so: linker input file unused because linking not done
gcc: warning: /home/st/Projects/multithreadingtests/myartifects/libhoard.so: linker input file unused because linking not done
gcc: warning: /home/st/Projects/multithreadingtests/myartifects/libhoard.so: linker input file unused because linking not done
gcc: warning: /home/st/Projects/multithreadingtests/myartifects/libhoard.so: linker input file unused because linking not done
gcc: warning: /home/st/Projects/multithreadingtests/myartifects/libhoard.so: linker input file unused because linking not done
gcc: warning: /home/st/Projects/multithreadingtests/myartifects/libhoard.so: linker input file unused because linking not done
gcc: warning: /home/st/Projects/multithreadingtests/myartifects/libhoard.so: linker input file unused because linking not done
gcc: warning: /home/st/Projects/multithreadingtests/myartifects/libhoard.so: linker input file unused because linking not done
gcc: warning: /home/st/Projects/multithreadingtests/myartifects/libhoard.so: linker input file unused because linking not done
gcc: warning: /home/st/Projects/multithreadingtests/myartifects/libhoard.so: linker input file unused because linking not done
gcc: warning: /home/st/Projects/multithreadingtests/myartifects/libhoard.so: linker input file unused because linking not done
gcc: warning: /home/st/Projects/multithreadingtests/myartifects/libhoard.so: linker input file unused because linking not done
