Making all in srclib
make[1]: Entering directory '/home/st/Projects/multithreadingtests/realworldapps/apache/src/srclib'
make[1]: Leaving directory '/home/st/Projects/multithreadingtests/realworldapps/apache/src/srclib'
Making all in os
make[1]: Entering directory '/home/st/Projects/multithreadingtests/realworldapps/apache/src/os'
make[1]: Leaving directory '/home/st/Projects/multithreadingtests/realworldapps/apache/src/os'
Making all in server
make[1]: Entering directory '/home/st/Projects/multithreadingtests/realworldapps/apache/src/server'
Making all in mpm
make[2]: Entering directory '/home/st/Projects/multithreadingtests/realworldapps/apache/src/server/mpm'
make[2]: Leaving directory '/home/st/Projects/multithreadingtests/realworldapps/apache/src/server/mpm'
make[2]: Entering directory '/home/st/Projects/multithreadingtests/realworldapps/apache/src/server'
mode=compile cc                -c util_expr_parse.c && touch util_expr_parse.lo
mode=compile cc                -c util_expr_scan.c && touch util_expr_scan.lo
Found newer headers. Will rebuild exports.c.
rm -f exports.c export_files
make[2]: Leaving directory '/home/st/Projects/multithreadingtests/realworldapps/apache/src/server'
make[1]: Leaving directory '/home/st/Projects/multithreadingtests/realworldapps/apache/src/server'
Making all in modules
make[1]: Entering directory '/home/st/Projects/multithreadingtests/realworldapps/apache/src/modules'
make[1]: Leaving directory '/home/st/Projects/multithreadingtests/realworldapps/apache/src/modules'
Making all in support
make[1]: Entering directory '/home/st/Projects/multithreadingtests/realworldapps/apache/src/support'
make[2]: Entering directory '/home/st/Projects/multithreadingtests/realworldapps/apache/src/support'
make[2]: Nothing to be done for 'local-all'.
make[2]: Leaving directory '/home/st/Projects/multithreadingtests/realworldapps/apache/src/support'
make[1]: Leaving directory '/home/st/Projects/multithreadingtests/realworldapps/apache/src/support'
make[1]: Entering directory '/home/st/Projects/multithreadingtests/realworldapps/apache/src'
make[1]: Nothing to be done for 'local-all'.
make[1]: Leaving directory '/home/st/Projects/multithreadingtests/realworldapps/apache/src'
