Making install in srclib
make[1]: Entering directory '/home/st/Projects/multithreadingtests/realworldapps/apache/src/srclib'
Making install in apr
make[2]: Entering directory '/home/st/Projects/multithreadingtests/realworldapps/apache/src/srclib/apr'
make[3]: Entering directory '/home/st/Projects/multithreadingtests/realworldapps/apache/src/srclib/apr'
make[3]: Nothing to be done for 'local-all'.
make[3]: Leaving directory '/home/st/Projects/multithreadingtests/realworldapps/apache/src/srclib/apr'
/home/st/Projects/multithreadingtests/realworldapps/apache/src/srclib/apr/build/mkdir.sh /home/st/Projects/multithreadingtests/realworldapps/apache/src/install/hoard/lib /home/st/Projects/multithreadingtests/realworldapps/apache/src/install/hoard/bin /home/st/Projects/multithreadingtests/realworldapps/apache/src/install/hoard/build \
	     /home/st/Projects/multithreadingtests/realworldapps/apache/src/install/hoard/lib/pkgconfig /home/st/Projects/multithreadingtests/realworldapps/apache/src/install/hoard/include
/usr/bin/install -c -m 644 /home/st/Projects/multithreadingtests/realworldapps/apache/src/srclib/apr/include/apr.h /home/st/Projects/multithreadingtests/realworldapps/apache/src/install/hoard/include
for f in /home/st/Projects/multithreadingtests/realworldapps/apache/src/srclib/apr/include/apr_*.h; do \
    /usr/bin/install -c -m 644 ${f} /home/st/Projects/multithreadingtests/realworldapps/apache/src/install/hoard/include; \
done
/bin/bash /home/st/Projects/multithreadingtests/realworldapps/apache/src/srclib/apr/libtool --mode=install /usr/bin/install -c -m 755 libapr-1.la /home/st/Projects/multithreadingtests/realworldapps/apache/src/install/hoard/lib
libtool: install: /usr/bin/install -c -m 755 .libs/libapr-1.so.0.7.0 /home/st/Projects/multithreadingtests/realworldapps/apache/src/install/hoard/lib/libapr-1.so.0.7.0
libtool: install: (cd /home/st/Projects/multithreadingtests/realworldapps/apache/src/install/hoard/lib && { ln -s -f libapr-1.so.0.7.0 libapr-1.so.0 || { rm -f libapr-1.so.0 && ln -s libapr-1.so.0.7.0 libapr-1.so.0; }; })
libtool: install: (cd /home/st/Projects/multithreadingtests/realworldapps/apache/src/install/hoard/lib && { ln -s -f libapr-1.so.0.7.0 libapr-1.so || { rm -f libapr-1.so && ln -s libapr-1.so.0.7.0 libapr-1.so; }; })
libtool: install: /usr/bin/install -c -m 755 .libs/libapr-1.lai /home/st/Projects/multithreadingtests/realworldapps/apache/src/install/hoard/lib/libapr-1.la
libtool: install: /usr/bin/install -c -m 755 .libs/libapr-1.a /home/st/Projects/multithreadingtests/realworldapps/apache/src/install/hoard/lib/libapr-1.a
libtool: install: chmod 644 /home/st/Projects/multithreadingtests/realworldapps/apache/src/install/hoard/lib/libapr-1.a
libtool: install: ranlib /home/st/Projects/multithreadingtests/realworldapps/apache/src/install/hoard/lib/libapr-1.a
libtool: finish: PATH="/home/st/.local/bin:/home/st/.local/bin:/usr/local/sbin:/usr/local/bin:/usr/sbin:/usr/bin:/sbin:/bin:/usr/games:/usr/local/games:/snap/bin:/sbin" ldconfig -n /home/st/Projects/multithreadingtests/realworldapps/apache/src/install/hoard/lib
----------------------------------------------------------------------
Libraries have been installed in:
   /home/st/Projects/multithreadingtests/realworldapps/apache/src/install/hoard/lib

If you ever happen to want to link against installed libraries
in a given directory, LIBDIR, you must either use libtool, and
specify the full pathname of the library, or use the '-LLIBDIR'
flag during linking and do at least one of the following:
   - add LIBDIR to the 'LD_LIBRARY_PATH' environment variable
     during execution
   - add LIBDIR to the 'LD_RUN_PATH' environment variable
     during linking
   - use the '-Wl,-rpath -Wl,LIBDIR' linker flag
   - have your system administrator add LIBDIR to '/etc/ld.so.conf'

See any operating system documentation about shared libraries for
more information, such as the ld(1) and ld.so(8) manual pages.
----------------------------------------------------------------------
/usr/bin/install -c -m 644 apr.exp /home/st/Projects/multithreadingtests/realworldapps/apache/src/install/hoard/lib/apr.exp
/usr/bin/install -c -m 644 apr.pc /home/st/Projects/multithreadingtests/realworldapps/apache/src/install/hoard/lib/pkgconfig/apr-1.pc
for f in libtool shlibtool; do \
    if test -f ${f}; then /usr/bin/install -c -m 755 ${f} /home/st/Projects/multithreadingtests/realworldapps/apache/src/install/hoard/build; fi; \
done
/usr/bin/install -c -m 755 /home/st/Projects/multithreadingtests/realworldapps/apache/src/srclib/apr/build/mkdir.sh /home/st/Projects/multithreadingtests/realworldapps/apache/src/install/hoard/build
for f in make_exports.awk make_var_export.awk; do \
    /usr/bin/install -c -m 644 /home/st/Projects/multithreadingtests/realworldapps/apache/src/srclib/apr/build/${f} /home/st/Projects/multithreadingtests/realworldapps/apache/src/install/hoard/build; \
done
/usr/bin/install -c -m 644 build/apr_rules.out /home/st/Projects/multithreadingtests/realworldapps/apache/src/install/hoard/build/apr_rules.mk
/usr/bin/install -c -m 755 apr-config.out /home/st/Projects/multithreadingtests/realworldapps/apache/src/install/hoard/bin/apr-1-config
make[2]: Leaving directory '/home/st/Projects/multithreadingtests/realworldapps/apache/src/srclib/apr'
Making install in apr-util
make[2]: Entering directory '/home/st/Projects/multithreadingtests/realworldapps/apache/src/srclib/apr-util'
make[3]: Entering directory '/home/st/Projects/multithreadingtests/realworldapps/apache/src/srclib/apr-util'
make[3]: Nothing to be done for 'local-all'.
make[3]: Leaving directory '/home/st/Projects/multithreadingtests/realworldapps/apache/src/srclib/apr-util'
/home/st/Projects/multithreadingtests/realworldapps/apache/src/srclib/apr/build/mkdir.sh /home/st/Projects/multithreadingtests/realworldapps/apache/src/install/hoard/include /home/st/Projects/multithreadingtests/realworldapps/apache/src/install/hoard/lib/pkgconfig \
	     /home/st/Projects/multithreadingtests/realworldapps/apache/src/install/hoard/lib /home/st/Projects/multithreadingtests/realworldapps/apache/src/install/hoard/bin
for f in /home/st/Projects/multithreadingtests/realworldapps/apache/src/srclib/apr-util/include/*.h /home/st/Projects/multithreadingtests/realworldapps/apache/src/srclib/apr-util/include/*.h; do \
	/usr/bin/install -c -m 644 ${f} /home/st/Projects/multithreadingtests/realworldapps/apache/src/install/hoard/include; \
done
/usr/bin/install -c -m 644 apr-util.pc /home/st/Projects/multithreadingtests/realworldapps/apache/src/install/hoard/lib/pkgconfig/apr-util-1.pc
list=''; for i in $list; do \
	( cd $i ; make DESTDIR= install ); \
done
/bin/bash /home/st/Projects/multithreadingtests/realworldapps/apache/src/srclib/apr/libtool --mode=install /usr/bin/install -c -m 755 libaprutil-1.la /home/st/Projects/multithreadingtests/realworldapps/apache/src/install/hoard/lib
libtool: install: (cd /home/st/Projects/multithreadingtests/realworldapps/apache/src/srclib/apr-util; /bin/bash "/home/st/Projects/multithreadingtests/realworldapps/apache/src/srclib/apr/libtool"  --silent --mode=relink gcc -g -O2 -pthread -DHAVE_CONFIG_H -DLINUX -D_REENTRANT -D_GNU_SOURCE -I/home/st/Projects/multithreadingtests/realworldapps/apache/src/srclib/apr-util/include -I/home/st/Projects/multithreadingtests/realworldapps/apache/src/srclib/apr-util/include/private -I/home/st/Projects/multithreadingtests/realworldapps/apache/src/srclib/apr/include -version-info 6:1:6 -o libaprutil-1.la -rpath /home/st/Projects/multithreadingtests/realworldapps/apache/src/install/hoard/lib buckets/apr_brigade.lo buckets/apr_buckets.lo buckets/apr_buckets_alloc.lo buckets/apr_buckets_eos.lo buckets/apr_buckets_file.lo buckets/apr_buckets_flush.lo buckets/apr_buckets_heap.lo buckets/apr_buckets_mmap.lo buckets/apr_buckets_pipe.lo buckets/apr_buckets_pool.lo buckets/apr_buckets_refcount.lo buckets/apr_buckets_simple.lo buckets/apr_buckets_socket.lo crypto/apr_crypto.lo crypto/apr_md4.lo crypto/apr_md5.lo crypto/apr_passwd.lo crypto/apr_sha1.lo crypto/apr_siphash.lo crypto/crypt_blowfish.lo crypto/getuuid.lo crypto/uuid.lo dbd/apr_dbd.lo dbm/apr_dbm.lo dbm/apr_dbm_sdbm.lo dbm/sdbm/sdbm.lo dbm/sdbm/sdbm_hash.lo dbm/sdbm/sdbm_lock.lo dbm/sdbm/sdbm_pair.lo encoding/apr_base64.lo hooks/apr_hooks.lo ldap/apr_ldap_stub.lo ldap/apr_ldap_url.lo memcache/apr_memcache.lo misc/apr_date.lo misc/apr_queue.lo misc/apr_reslist.lo misc/apr_rmm.lo misc/apr_thread_pool.lo misc/apu_dso.lo misc/apu_version.lo redis/apr_redis.lo strmatch/apr_strmatch.lo uri/apr_uri.lo xlate/xlate.lo xml/apr_xml.lo -lrt -lcrypt -lpthread -ldl -lexpat /home/st/Projects/multithreadingtests/realworldapps/apache/src/srclib/apr/libapr-1.la -lrt -lcrypt -lpthread -ldl )
libtool: install: /usr/bin/install -c -m 755 .libs/libaprutil-1.so.0.6.1T /home/st/Projects/multithreadingtests/realworldapps/apache/src/install/hoard/lib/libaprutil-1.so.0.6.1
libtool: install: (cd /home/st/Projects/multithreadingtests/realworldapps/apache/src/install/hoard/lib && { ln -s -f libaprutil-1.so.0.6.1 libaprutil-1.so.0 || { rm -f libaprutil-1.so.0 && ln -s libaprutil-1.so.0.6.1 libaprutil-1.so.0; }; })
libtool: install: (cd /home/st/Projects/multithreadingtests/realworldapps/apache/src/install/hoard/lib && { ln -s -f libaprutil-1.so.0.6.1 libaprutil-1.so || { rm -f libaprutil-1.so && ln -s libaprutil-1.so.0.6.1 libaprutil-1.so; }; })
libtool: install: /usr/bin/install -c -m 755 .libs/libaprutil-1.lai /home/st/Projects/multithreadingtests/realworldapps/apache/src/install/hoard/lib/libaprutil-1.la
libtool: install: /usr/bin/install -c -m 755 .libs/libaprutil-1.a /home/st/Projects/multithreadingtests/realworldapps/apache/src/install/hoard/lib/libaprutil-1.a
libtool: install: chmod 644 /home/st/Projects/multithreadingtests/realworldapps/apache/src/install/hoard/lib/libaprutil-1.a
libtool: install: ranlib /home/st/Projects/multithreadingtests/realworldapps/apache/src/install/hoard/lib/libaprutil-1.a
libtool: finish: PATH="/home/st/.local/bin:/home/st/.local/bin:/usr/local/sbin:/usr/local/bin:/usr/sbin:/usr/bin:/sbin:/bin:/usr/games:/usr/local/games:/snap/bin:/sbin" ldconfig -n /home/st/Projects/multithreadingtests/realworldapps/apache/src/install/hoard/lib
----------------------------------------------------------------------
Libraries have been installed in:
   /home/st/Projects/multithreadingtests/realworldapps/apache/src/install/hoard/lib

If you ever happen to want to link against installed libraries
in a given directory, LIBDIR, you must either use libtool, and
specify the full pathname of the library, or use the '-LLIBDIR'
flag during linking and do at least one of the following:
   - add LIBDIR to the 'LD_LIBRARY_PATH' environment variable
     during execution
   - add LIBDIR to the 'LD_RUN_PATH' environment variable
     during linking
   - use the '-Wl,-rpath -Wl,LIBDIR' linker flag
   - have your system administrator add LIBDIR to '/etc/ld.so.conf'

See any operating system documentation about shared libraries for
more information, such as the ld(1) and ld.so(8) manual pages.
----------------------------------------------------------------------
/usr/bin/install -c -m 644 aprutil.exp /home/st/Projects/multithreadingtests/realworldapps/apache/src/install/hoard/lib
/usr/bin/install -c -m 755 apu-config.out /home/st/Projects/multithreadingtests/realworldapps/apache/src/install/hoard/bin/apu-1-config
make[2]: Leaving directory '/home/st/Projects/multithreadingtests/realworldapps/apache/src/srclib/apr-util'
make[2]: Entering directory '/home/st/Projects/multithreadingtests/realworldapps/apache/src/srclib'
make[2]: Leaving directory '/home/st/Projects/multithreadingtests/realworldapps/apache/src/srclib'
make[1]: Leaving directory '/home/st/Projects/multithreadingtests/realworldapps/apache/src/srclib'
Making install in os
make[1]: Entering directory '/home/st/Projects/multithreadingtests/realworldapps/apache/src/os'
Making install in unix
make[2]: Entering directory '/home/st/Projects/multithreadingtests/realworldapps/apache/src/os/unix'
make[3]: Entering directory '/home/st/Projects/multithreadingtests/realworldapps/apache/src/os/unix'
make[3]: Leaving directory '/home/st/Projects/multithreadingtests/realworldapps/apache/src/os/unix'
make[2]: Leaving directory '/home/st/Projects/multithreadingtests/realworldapps/apache/src/os/unix'
make[2]: Entering directory '/home/st/Projects/multithreadingtests/realworldapps/apache/src/os'
make[2]: Leaving directory '/home/st/Projects/multithreadingtests/realworldapps/apache/src/os'
make[1]: Leaving directory '/home/st/Projects/multithreadingtests/realworldapps/apache/src/os'
Making install in server
make[1]: Entering directory '/home/st/Projects/multithreadingtests/realworldapps/apache/src/server'
Making install in mpm
make[2]: Entering directory '/home/st/Projects/multithreadingtests/realworldapps/apache/src/server/mpm'
Making install in event
make[3]: Entering directory '/home/st/Projects/multithreadingtests/realworldapps/apache/src/server/mpm/event'
make[4]: Entering directory '/home/st/Projects/multithreadingtests/realworldapps/apache/src/server/mpm/event'
make[4]: Leaving directory '/home/st/Projects/multithreadingtests/realworldapps/apache/src/server/mpm/event'
make[3]: Leaving directory '/home/st/Projects/multithreadingtests/realworldapps/apache/src/server/mpm/event'
make[3]: Entering directory '/home/st/Projects/multithreadingtests/realworldapps/apache/src/server/mpm'
make[3]: Leaving directory '/home/st/Projects/multithreadingtests/realworldapps/apache/src/server/mpm'
make[2]: Leaving directory '/home/st/Projects/multithreadingtests/realworldapps/apache/src/server/mpm'
make[2]: Entering directory '/home/st/Projects/multithreadingtests/realworldapps/apache/src/server'
make[2]: Leaving directory '/home/st/Projects/multithreadingtests/realworldapps/apache/src/server'
make[1]: Leaving directory '/home/st/Projects/multithreadingtests/realworldapps/apache/src/server'
Making install in modules
make[1]: Entering directory '/home/st/Projects/multithreadingtests/realworldapps/apache/src/modules'
Making install in aaa
make[2]: Entering directory '/home/st/Projects/multithreadingtests/realworldapps/apache/src/modules/aaa'
make[3]: Entering directory '/home/st/Projects/multithreadingtests/realworldapps/apache/src/modules/aaa'
/home/st/Projects/multithreadingtests/realworldapps/apache/src/srclib/apr/libtool --silent --mode=install install mod_authn_file.la /home/st/Projects/multithreadingtests/realworldapps/apache/src/install/hoard/modules/
/home/st/Projects/multithreadingtests/realworldapps/apache/src/srclib/apr/libtool --silent --mode=install install mod_authn_dbm.la /home/st/Projects/multithreadingtests/realworldapps/apache/src/install/hoard/modules/
/home/st/Projects/multithreadingtests/realworldapps/apache/src/srclib/apr/libtool --silent --mode=install install mod_authn_anon.la /home/st/Projects/multithreadingtests/realworldapps/apache/src/install/hoard/modules/
/home/st/Projects/multithreadingtests/realworldapps/apache/src/srclib/apr/libtool --silent --mode=install install mod_authn_dbd.la /home/st/Projects/multithreadingtests/realworldapps/apache/src/install/hoard/modules/
/home/st/Projects/multithreadingtests/realworldapps/apache/src/srclib/apr/libtool --silent --mode=install install mod_authn_socache.la /home/st/Projects/multithreadingtests/realworldapps/apache/src/install/hoard/modules/
/home/st/Projects/multithreadingtests/realworldapps/apache/src/srclib/apr/libtool --silent --mode=install install mod_authn_core.la /home/st/Projects/multithreadingtests/realworldapps/apache/src/install/hoard/modules/
/home/st/Projects/multithreadingtests/realworldapps/apache/src/srclib/apr/libtool --silent --mode=install install mod_authz_host.la /home/st/Projects/multithreadingtests/realworldapps/apache/src/install/hoard/modules/
/home/st/Projects/multithreadingtests/realworldapps/apache/src/srclib/apr/libtool --silent --mode=install install mod_authz_groupfile.la /home/st/Projects/multithreadingtests/realworldapps/apache/src/install/hoard/modules/
/home/st/Projects/multithreadingtests/realworldapps/apache/src/srclib/apr/libtool --silent --mode=install install mod_authz_user.la /home/st/Projects/multithreadingtests/realworldapps/apache/src/install/hoard/modules/
/home/st/Projects/multithreadingtests/realworldapps/apache/src/srclib/apr/libtool --silent --mode=install install mod_authz_dbm.la /home/st/Projects/multithreadingtests/realworldapps/apache/src/install/hoard/modules/
/home/st/Projects/multithreadingtests/realworldapps/apache/src/srclib/apr/libtool --silent --mode=install install mod_authz_owner.la /home/st/Projects/multithreadingtests/realworldapps/apache/src/install/hoard/modules/
/home/st/Projects/multithreadingtests/realworldapps/apache/src/srclib/apr/libtool --silent --mode=install install mod_authz_dbd.la /home/st/Projects/multithreadingtests/realworldapps/apache/src/install/hoard/modules/
/home/st/Projects/multithreadingtests/realworldapps/apache/src/srclib/apr/libtool --silent --mode=install install mod_authz_core.la /home/st/Projects/multithreadingtests/realworldapps/apache/src/install/hoard/modules/
/home/st/Projects/multithreadingtests/realworldapps/apache/src/srclib/apr/libtool --silent --mode=install install mod_access_compat.la /home/st/Projects/multithreadingtests/realworldapps/apache/src/install/hoard/modules/
/home/st/Projects/multithreadingtests/realworldapps/apache/src/srclib/apr/libtool --silent --mode=install install mod_auth_basic.la /home/st/Projects/multithreadingtests/realworldapps/apache/src/install/hoard/modules/
/home/st/Projects/multithreadingtests/realworldapps/apache/src/srclib/apr/libtool --silent --mode=install install mod_auth_form.la /home/st/Projects/multithreadingtests/realworldapps/apache/src/install/hoard/modules/
/home/st/Projects/multithreadingtests/realworldapps/apache/src/srclib/apr/libtool --silent --mode=install install mod_auth_digest.la /home/st/Projects/multithreadingtests/realworldapps/apache/src/install/hoard/modules/
/home/st/Projects/multithreadingtests/realworldapps/apache/src/srclib/apr/libtool --silent --mode=install install mod_allowmethods.la /home/st/Projects/multithreadingtests/realworldapps/apache/src/install/hoard/modules/
make[3]: Leaving directory '/home/st/Projects/multithreadingtests/realworldapps/apache/src/modules/aaa'
make[2]: Leaving directory '/home/st/Projects/multithreadingtests/realworldapps/apache/src/modules/aaa'
Making install in cache
make[2]: Entering directory '/home/st/Projects/multithreadingtests/realworldapps/apache/src/modules/cache'
make[3]: Entering directory '/home/st/Projects/multithreadingtests/realworldapps/apache/src/modules/cache'
/home/st/Projects/multithreadingtests/realworldapps/apache/src/srclib/apr/libtool --silent --mode=install install mod_file_cache.la /home/st/Projects/multithreadingtests/realworldapps/apache/src/install/hoard/modules/
/home/st/Projects/multithreadingtests/realworldapps/apache/src/srclib/apr/libtool --silent --mode=install install mod_cache.la /home/st/Projects/multithreadingtests/realworldapps/apache/src/install/hoard/modules/
/home/st/Projects/multithreadingtests/realworldapps/apache/src/srclib/apr/libtool --silent --mode=install install mod_cache_disk.la /home/st/Projects/multithreadingtests/realworldapps/apache/src/install/hoard/modules/
/home/st/Projects/multithreadingtests/realworldapps/apache/src/srclib/apr/libtool --silent --mode=install install mod_cache_socache.la /home/st/Projects/multithreadingtests/realworldapps/apache/src/install/hoard/modules/
/home/st/Projects/multithreadingtests/realworldapps/apache/src/srclib/apr/libtool --silent --mode=install install mod_socache_shmcb.la /home/st/Projects/multithreadingtests/realworldapps/apache/src/install/hoard/modules/
/home/st/Projects/multithreadingtests/realworldapps/apache/src/srclib/apr/libtool --silent --mode=install install mod_socache_dbm.la /home/st/Projects/multithreadingtests/realworldapps/apache/src/install/hoard/modules/
/home/st/Projects/multithreadingtests/realworldapps/apache/src/srclib/apr/libtool --silent --mode=install install mod_socache_memcache.la /home/st/Projects/multithreadingtests/realworldapps/apache/src/install/hoard/modules/
make[3]: Leaving directory '/home/st/Projects/multithreadingtests/realworldapps/apache/src/modules/cache'
make[2]: Leaving directory '/home/st/Projects/multithreadingtests/realworldapps/apache/src/modules/cache'
Making install in core
make[2]: Entering directory '/home/st/Projects/multithreadingtests/realworldapps/apache/src/modules/core'
make[3]: Entering directory '/home/st/Projects/multithreadingtests/realworldapps/apache/src/modules/core'
/home/st/Projects/multithreadingtests/realworldapps/apache/src/srclib/apr/libtool --silent --mode=install install mod_watchdog.la /home/st/Projects/multithreadingtests/realworldapps/apache/src/install/hoard/modules/
/home/st/Projects/multithreadingtests/realworldapps/apache/src/srclib/apr/libtool --silent --mode=install install mod_macro.la /home/st/Projects/multithreadingtests/realworldapps/apache/src/install/hoard/modules/
make[3]: Leaving directory '/home/st/Projects/multithreadingtests/realworldapps/apache/src/modules/core'
make[2]: Leaving directory '/home/st/Projects/multithreadingtests/realworldapps/apache/src/modules/core'
Making install in database
make[2]: Entering directory '/home/st/Projects/multithreadingtests/realworldapps/apache/src/modules/database'
make[3]: Entering directory '/home/st/Projects/multithreadingtests/realworldapps/apache/src/modules/database'
/home/st/Projects/multithreadingtests/realworldapps/apache/src/srclib/apr/libtool --silent --mode=install install mod_dbd.la /home/st/Projects/multithreadingtests/realworldapps/apache/src/install/hoard/modules/
make[3]: Leaving directory '/home/st/Projects/multithreadingtests/realworldapps/apache/src/modules/database'
make[2]: Leaving directory '/home/st/Projects/multithreadingtests/realworldapps/apache/src/modules/database'
Making install in debugging
make[2]: Entering directory '/home/st/Projects/multithreadingtests/realworldapps/apache/src/modules/debugging'
make[3]: Entering directory '/home/st/Projects/multithreadingtests/realworldapps/apache/src/modules/debugging'
/home/st/Projects/multithreadingtests/realworldapps/apache/src/srclib/apr/libtool --silent --mode=install install mod_dumpio.la /home/st/Projects/multithreadingtests/realworldapps/apache/src/install/hoard/modules/
make[3]: Leaving directory '/home/st/Projects/multithreadingtests/realworldapps/apache/src/modules/debugging'
make[2]: Leaving directory '/home/st/Projects/multithreadingtests/realworldapps/apache/src/modules/debugging'
Making install in filters
make[2]: Entering directory '/home/st/Projects/multithreadingtests/realworldapps/apache/src/modules/filters'
make[3]: Entering directory '/home/st/Projects/multithreadingtests/realworldapps/apache/src/modules/filters'
/home/st/Projects/multithreadingtests/realworldapps/apache/src/srclib/apr/libtool --silent --mode=install install mod_buffer.la /home/st/Projects/multithreadingtests/realworldapps/apache/src/install/hoard/modules/
/home/st/Projects/multithreadingtests/realworldapps/apache/src/srclib/apr/libtool --silent --mode=install install mod_ratelimit.la /home/st/Projects/multithreadingtests/realworldapps/apache/src/install/hoard/modules/
/home/st/Projects/multithreadingtests/realworldapps/apache/src/srclib/apr/libtool --silent --mode=install install mod_reqtimeout.la /home/st/Projects/multithreadingtests/realworldapps/apache/src/install/hoard/modules/
/home/st/Projects/multithreadingtests/realworldapps/apache/src/srclib/apr/libtool --silent --mode=install install mod_ext_filter.la /home/st/Projects/multithreadingtests/realworldapps/apache/src/install/hoard/modules/
/home/st/Projects/multithreadingtests/realworldapps/apache/src/srclib/apr/libtool --silent --mode=install install mod_request.la /home/st/Projects/multithreadingtests/realworldapps/apache/src/install/hoard/modules/
/home/st/Projects/multithreadingtests/realworldapps/apache/src/srclib/apr/libtool --silent --mode=install install mod_include.la /home/st/Projects/multithreadingtests/realworldapps/apache/src/install/hoard/modules/
/home/st/Projects/multithreadingtests/realworldapps/apache/src/srclib/apr/libtool --silent --mode=install install mod_filter.la /home/st/Projects/multithreadingtests/realworldapps/apache/src/install/hoard/modules/
/home/st/Projects/multithreadingtests/realworldapps/apache/src/srclib/apr/libtool --silent --mode=install install mod_substitute.la /home/st/Projects/multithreadingtests/realworldapps/apache/src/install/hoard/modules/
/home/st/Projects/multithreadingtests/realworldapps/apache/src/srclib/apr/libtool --silent --mode=install install mod_sed.la /home/st/Projects/multithreadingtests/realworldapps/apache/src/install/hoard/modules/
/home/st/Projects/multithreadingtests/realworldapps/apache/src/srclib/apr/libtool --silent --mode=install install mod_deflate.la /home/st/Projects/multithreadingtests/realworldapps/apache/src/install/hoard/modules/
make[3]: Leaving directory '/home/st/Projects/multithreadingtests/realworldapps/apache/src/modules/filters'
make[2]: Leaving directory '/home/st/Projects/multithreadingtests/realworldapps/apache/src/modules/filters'
Making install in http
make[2]: Entering directory '/home/st/Projects/multithreadingtests/realworldapps/apache/src/modules/http'
make[3]: Entering directory '/home/st/Projects/multithreadingtests/realworldapps/apache/src/modules/http'
/home/st/Projects/multithreadingtests/realworldapps/apache/src/srclib/apr/libtool --silent --mode=install install mod_mime.la /home/st/Projects/multithreadingtests/realworldapps/apache/src/install/hoard/modules/
make[3]: Leaving directory '/home/st/Projects/multithreadingtests/realworldapps/apache/src/modules/http'
make[2]: Leaving directory '/home/st/Projects/multithreadingtests/realworldapps/apache/src/modules/http'
Making install in loggers
make[2]: Entering directory '/home/st/Projects/multithreadingtests/realworldapps/apache/src/modules/loggers'
make[3]: Entering directory '/home/st/Projects/multithreadingtests/realworldapps/apache/src/modules/loggers'
/home/st/Projects/multithreadingtests/realworldapps/apache/src/srclib/apr/libtool --silent --mode=install install mod_log_config.la /home/st/Projects/multithreadingtests/realworldapps/apache/src/install/hoard/modules/
/home/st/Projects/multithreadingtests/realworldapps/apache/src/srclib/apr/libtool --silent --mode=install install mod_log_debug.la /home/st/Projects/multithreadingtests/realworldapps/apache/src/install/hoard/modules/
/home/st/Projects/multithreadingtests/realworldapps/apache/src/srclib/apr/libtool --silent --mode=install install mod_logio.la /home/st/Projects/multithreadingtests/realworldapps/apache/src/install/hoard/modules/
make[3]: Leaving directory '/home/st/Projects/multithreadingtests/realworldapps/apache/src/modules/loggers'
make[2]: Leaving directory '/home/st/Projects/multithreadingtests/realworldapps/apache/src/modules/loggers'
Making install in metadata
make[2]: Entering directory '/home/st/Projects/multithreadingtests/realworldapps/apache/src/modules/metadata'
make[3]: Entering directory '/home/st/Projects/multithreadingtests/realworldapps/apache/src/modules/metadata'
/home/st/Projects/multithreadingtests/realworldapps/apache/src/srclib/apr/libtool --silent --mode=install install mod_env.la /home/st/Projects/multithreadingtests/realworldapps/apache/src/install/hoard/modules/
/home/st/Projects/multithreadingtests/realworldapps/apache/src/srclib/apr/libtool --silent --mode=install install mod_expires.la /home/st/Projects/multithreadingtests/realworldapps/apache/src/install/hoard/modules/
/home/st/Projects/multithreadingtests/realworldapps/apache/src/srclib/apr/libtool --silent --mode=install install mod_headers.la /home/st/Projects/multithreadingtests/realworldapps/apache/src/install/hoard/modules/
/home/st/Projects/multithreadingtests/realworldapps/apache/src/srclib/apr/libtool --silent --mode=install install mod_unique_id.la /home/st/Projects/multithreadingtests/realworldapps/apache/src/install/hoard/modules/
/home/st/Projects/multithreadingtests/realworldapps/apache/src/srclib/apr/libtool --silent --mode=install install mod_setenvif.la /home/st/Projects/multithreadingtests/realworldapps/apache/src/install/hoard/modules/
/home/st/Projects/multithreadingtests/realworldapps/apache/src/srclib/apr/libtool --silent --mode=install install mod_version.la /home/st/Projects/multithreadingtests/realworldapps/apache/src/install/hoard/modules/
/home/st/Projects/multithreadingtests/realworldapps/apache/src/srclib/apr/libtool --silent --mode=install install mod_remoteip.la /home/st/Projects/multithreadingtests/realworldapps/apache/src/install/hoard/modules/
make[3]: Leaving directory '/home/st/Projects/multithreadingtests/realworldapps/apache/src/modules/metadata'
make[2]: Leaving directory '/home/st/Projects/multithreadingtests/realworldapps/apache/src/modules/metadata'
Making install in proxy
make[2]: Entering directory '/home/st/Projects/multithreadingtests/realworldapps/apache/src/modules/proxy'
make[3]: Entering directory '/home/st/Projects/multithreadingtests/realworldapps/apache/src/modules/proxy'
/home/st/Projects/multithreadingtests/realworldapps/apache/src/srclib/apr/libtool --silent --mode=install install mod_proxy.la /home/st/Projects/multithreadingtests/realworldapps/apache/src/install/hoard/modules/
/home/st/Projects/multithreadingtests/realworldapps/apache/src/srclib/apr/libtool --silent --mode=install install mod_proxy_connect.la /home/st/Projects/multithreadingtests/realworldapps/apache/src/install/hoard/modules/
/home/st/Projects/multithreadingtests/realworldapps/apache/src/srclib/apr/libtool --silent --mode=install install mod_proxy_ftp.la /home/st/Projects/multithreadingtests/realworldapps/apache/src/install/hoard/modules/
/home/st/Projects/multithreadingtests/realworldapps/apache/src/srclib/apr/libtool --silent --mode=install install mod_proxy_http.la /home/st/Projects/multithreadingtests/realworldapps/apache/src/install/hoard/modules/
/home/st/Projects/multithreadingtests/realworldapps/apache/src/srclib/apr/libtool --silent --mode=install install mod_proxy_fcgi.la /home/st/Projects/multithreadingtests/realworldapps/apache/src/install/hoard/modules/
/home/st/Projects/multithreadingtests/realworldapps/apache/src/srclib/apr/libtool --silent --mode=install install mod_proxy_scgi.la /home/st/Projects/multithreadingtests/realworldapps/apache/src/install/hoard/modules/
/home/st/Projects/multithreadingtests/realworldapps/apache/src/srclib/apr/libtool --silent --mode=install install mod_proxy_uwsgi.la /home/st/Projects/multithreadingtests/realworldapps/apache/src/install/hoard/modules/
/home/st/Projects/multithreadingtests/realworldapps/apache/src/srclib/apr/libtool --silent --mode=install install mod_proxy_fdpass.la /home/st/Projects/multithreadingtests/realworldapps/apache/src/install/hoard/modules/
/home/st/Projects/multithreadingtests/realworldapps/apache/src/srclib/apr/libtool --silent --mode=install install mod_proxy_wstunnel.la /home/st/Projects/multithreadingtests/realworldapps/apache/src/install/hoard/modules/
/home/st/Projects/multithreadingtests/realworldapps/apache/src/srclib/apr/libtool --silent --mode=install install mod_proxy_ajp.la /home/st/Projects/multithreadingtests/realworldapps/apache/src/install/hoard/modules/
/home/st/Projects/multithreadingtests/realworldapps/apache/src/srclib/apr/libtool --silent --mode=install install mod_proxy_balancer.la /home/st/Projects/multithreadingtests/realworldapps/apache/src/install/hoard/modules/
/home/st/Projects/multithreadingtests/realworldapps/apache/src/srclib/apr/libtool --silent --mode=install install mod_proxy_express.la /home/st/Projects/multithreadingtests/realworldapps/apache/src/install/hoard/modules/
/home/st/Projects/multithreadingtests/realworldapps/apache/src/srclib/apr/libtool --silent --mode=install install mod_proxy_hcheck.la /home/st/Projects/multithreadingtests/realworldapps/apache/src/install/hoard/modules/
make[3]: Leaving directory '/home/st/Projects/multithreadingtests/realworldapps/apache/src/modules/proxy'
make[2]: Leaving directory '/home/st/Projects/multithreadingtests/realworldapps/apache/src/modules/proxy'
Making install in session
make[2]: Entering directory '/home/st/Projects/multithreadingtests/realworldapps/apache/src/modules/session'
make[3]: Entering directory '/home/st/Projects/multithreadingtests/realworldapps/apache/src/modules/session'
/home/st/Projects/multithreadingtests/realworldapps/apache/src/srclib/apr/libtool --silent --mode=install install mod_session.la /home/st/Projects/multithreadingtests/realworldapps/apache/src/install/hoard/modules/
/home/st/Projects/multithreadingtests/realworldapps/apache/src/srclib/apr/libtool --silent --mode=install install mod_session_cookie.la /home/st/Projects/multithreadingtests/realworldapps/apache/src/install/hoard/modules/
/home/st/Projects/multithreadingtests/realworldapps/apache/src/srclib/apr/libtool --silent --mode=install install mod_session_dbd.la /home/st/Projects/multithreadingtests/realworldapps/apache/src/install/hoard/modules/
make[3]: Leaving directory '/home/st/Projects/multithreadingtests/realworldapps/apache/src/modules/session'
make[2]: Leaving directory '/home/st/Projects/multithreadingtests/realworldapps/apache/src/modules/session'
Making install in slotmem
make[2]: Entering directory '/home/st/Projects/multithreadingtests/realworldapps/apache/src/modules/slotmem'
make[3]: Entering directory '/home/st/Projects/multithreadingtests/realworldapps/apache/src/modules/slotmem'
/home/st/Projects/multithreadingtests/realworldapps/apache/src/srclib/apr/libtool --silent --mode=install install mod_slotmem_shm.la /home/st/Projects/multithreadingtests/realworldapps/apache/src/install/hoard/modules/
make[3]: Leaving directory '/home/st/Projects/multithreadingtests/realworldapps/apache/src/modules/slotmem'
make[2]: Leaving directory '/home/st/Projects/multithreadingtests/realworldapps/apache/src/modules/slotmem'
Making install in ssl
make[2]: Entering directory '/home/st/Projects/multithreadingtests/realworldapps/apache/src/modules/ssl'
make[3]: Entering directory '/home/st/Projects/multithreadingtests/realworldapps/apache/src/modules/ssl'
/home/st/Projects/multithreadingtests/realworldapps/apache/src/srclib/apr/libtool --silent --mode=install install mod_ssl.la /home/st/Projects/multithreadingtests/realworldapps/apache/src/install/hoard/modules/
make[3]: Leaving directory '/home/st/Projects/multithreadingtests/realworldapps/apache/src/modules/ssl'
make[2]: Leaving directory '/home/st/Projects/multithreadingtests/realworldapps/apache/src/modules/ssl'
Making install in proxy/balancers
make[2]: Entering directory '/home/st/Projects/multithreadingtests/realworldapps/apache/src/modules/proxy/balancers'
make[3]: Entering directory '/home/st/Projects/multithreadingtests/realworldapps/apache/src/modules/proxy/balancers'
/home/st/Projects/multithreadingtests/realworldapps/apache/src/srclib/apr/libtool --silent --mode=install install mod_lbmethod_byrequests.la /home/st/Projects/multithreadingtests/realworldapps/apache/src/install/hoard/modules/
/home/st/Projects/multithreadingtests/realworldapps/apache/src/srclib/apr/libtool --silent --mode=install install mod_lbmethod_bytraffic.la /home/st/Projects/multithreadingtests/realworldapps/apache/src/install/hoard/modules/
/home/st/Projects/multithreadingtests/realworldapps/apache/src/srclib/apr/libtool --silent --mode=install install mod_lbmethod_bybusyness.la /home/st/Projects/multithreadingtests/realworldapps/apache/src/install/hoard/modules/
/home/st/Projects/multithreadingtests/realworldapps/apache/src/srclib/apr/libtool --silent --mode=install install mod_lbmethod_heartbeat.la /home/st/Projects/multithreadingtests/realworldapps/apache/src/install/hoard/modules/
make[3]: Leaving directory '/home/st/Projects/multithreadingtests/realworldapps/apache/src/modules/proxy/balancers'
make[2]: Leaving directory '/home/st/Projects/multithreadingtests/realworldapps/apache/src/modules/proxy/balancers'
Making install in arch/unix
make[2]: Entering directory '/home/st/Projects/multithreadingtests/realworldapps/apache/src/modules/arch/unix'
make[3]: Entering directory '/home/st/Projects/multithreadingtests/realworldapps/apache/src/modules/arch/unix'
/home/st/Projects/multithreadingtests/realworldapps/apache/src/srclib/apr/libtool --silent --mode=install install mod_unixd.la /home/st/Projects/multithreadingtests/realworldapps/apache/src/install/hoard/modules/
make[3]: Leaving directory '/home/st/Projects/multithreadingtests/realworldapps/apache/src/modules/arch/unix'
make[2]: Leaving directory '/home/st/Projects/multithreadingtests/realworldapps/apache/src/modules/arch/unix'
Making install in dav/main
make[2]: Entering directory '/home/st/Projects/multithreadingtests/realworldapps/apache/src/modules/dav/main'
make[3]: Entering directory '/home/st/Projects/multithreadingtests/realworldapps/apache/src/modules/dav/main'
/home/st/Projects/multithreadingtests/realworldapps/apache/src/srclib/apr/libtool --silent --mode=install install mod_dav.la /home/st/Projects/multithreadingtests/realworldapps/apache/src/install/hoard/modules/
make[3]: Leaving directory '/home/st/Projects/multithreadingtests/realworldapps/apache/src/modules/dav/main'
make[2]: Leaving directory '/home/st/Projects/multithreadingtests/realworldapps/apache/src/modules/dav/main'
Making install in generators
make[2]: Entering directory '/home/st/Projects/multithreadingtests/realworldapps/apache/src/modules/generators'
make[3]: Entering directory '/home/st/Projects/multithreadingtests/realworldapps/apache/src/modules/generators'
/home/st/Projects/multithreadingtests/realworldapps/apache/src/srclib/apr/libtool --silent --mode=install install mod_status.la /home/st/Projects/multithreadingtests/realworldapps/apache/src/install/hoard/modules/
/home/st/Projects/multithreadingtests/realworldapps/apache/src/srclib/apr/libtool --silent --mode=install install mod_autoindex.la /home/st/Projects/multithreadingtests/realworldapps/apache/src/install/hoard/modules/
/home/st/Projects/multithreadingtests/realworldapps/apache/src/srclib/apr/libtool --silent --mode=install install mod_info.la /home/st/Projects/multithreadingtests/realworldapps/apache/src/install/hoard/modules/
/home/st/Projects/multithreadingtests/realworldapps/apache/src/srclib/apr/libtool --silent --mode=install install mod_cgid.la /home/st/Projects/multithreadingtests/realworldapps/apache/src/install/hoard/modules/
make[3]: Leaving directory '/home/st/Projects/multithreadingtests/realworldapps/apache/src/modules/generators'
make[2]: Leaving directory '/home/st/Projects/multithreadingtests/realworldapps/apache/src/modules/generators'
Making install in dav/fs
make[2]: Entering directory '/home/st/Projects/multithreadingtests/realworldapps/apache/src/modules/dav/fs'
make[3]: Entering directory '/home/st/Projects/multithreadingtests/realworldapps/apache/src/modules/dav/fs'
/home/st/Projects/multithreadingtests/realworldapps/apache/src/srclib/apr/libtool --silent --mode=install install mod_dav_fs.la /home/st/Projects/multithreadingtests/realworldapps/apache/src/install/hoard/modules/
make[3]: Leaving directory '/home/st/Projects/multithreadingtests/realworldapps/apache/src/modules/dav/fs'
make[2]: Leaving directory '/home/st/Projects/multithreadingtests/realworldapps/apache/src/modules/dav/fs'
Making install in mappers
make[2]: Entering directory '/home/st/Projects/multithreadingtests/realworldapps/apache/src/modules/mappers'
make[3]: Entering directory '/home/st/Projects/multithreadingtests/realworldapps/apache/src/modules/mappers'
/home/st/Projects/multithreadingtests/realworldapps/apache/src/srclib/apr/libtool --silent --mode=install install mod_vhost_alias.la /home/st/Projects/multithreadingtests/realworldapps/apache/src/install/hoard/modules/
/home/st/Projects/multithreadingtests/realworldapps/apache/src/srclib/apr/libtool --silent --mode=install install mod_negotiation.la /home/st/Projects/multithreadingtests/realworldapps/apache/src/install/hoard/modules/
/home/st/Projects/multithreadingtests/realworldapps/apache/src/srclib/apr/libtool --silent --mode=install install mod_dir.la /home/st/Projects/multithreadingtests/realworldapps/apache/src/install/hoard/modules/
/home/st/Projects/multithreadingtests/realworldapps/apache/src/srclib/apr/libtool --silent --mode=install install mod_actions.la /home/st/Projects/multithreadingtests/realworldapps/apache/src/install/hoard/modules/
/home/st/Projects/multithreadingtests/realworldapps/apache/src/srclib/apr/libtool --silent --mode=install install mod_speling.la /home/st/Projects/multithreadingtests/realworldapps/apache/src/install/hoard/modules/
/home/st/Projects/multithreadingtests/realworldapps/apache/src/srclib/apr/libtool --silent --mode=install install mod_userdir.la /home/st/Projects/multithreadingtests/realworldapps/apache/src/install/hoard/modules/
/home/st/Projects/multithreadingtests/realworldapps/apache/src/srclib/apr/libtool --silent --mode=install install mod_alias.la /home/st/Projects/multithreadingtests/realworldapps/apache/src/install/hoard/modules/
/home/st/Projects/multithreadingtests/realworldapps/apache/src/srclib/apr/libtool --silent --mode=install install mod_rewrite.la /home/st/Projects/multithreadingtests/realworldapps/apache/src/install/hoard/modules/
make[3]: Leaving directory '/home/st/Projects/multithreadingtests/realworldapps/apache/src/modules/mappers'
make[2]: Leaving directory '/home/st/Projects/multithreadingtests/realworldapps/apache/src/modules/mappers'
make[2]: Entering directory '/home/st/Projects/multithreadingtests/realworldapps/apache/src/modules'
make[2]: Leaving directory '/home/st/Projects/multithreadingtests/realworldapps/apache/src/modules'
make[1]: Leaving directory '/home/st/Projects/multithreadingtests/realworldapps/apache/src/modules'
Making install in support
make[1]: Entering directory '/home/st/Projects/multithreadingtests/realworldapps/apache/src/support'
make[2]: Entering directory '/home/st/Projects/multithreadingtests/realworldapps/apache/src/support'
make[2]: Leaving directory '/home/st/Projects/multithreadingtests/realworldapps/apache/src/support'
make[1]: Leaving directory '/home/st/Projects/multithreadingtests/realworldapps/apache/src/support'
make[1]: Entering directory '/home/st/Projects/multithreadingtests/realworldapps/apache/src'

make[2]: Entering directory '/home/st/Projects/multithreadingtests/realworldapps/apache/src/os'
make[3]: Entering directory '/home/st/Projects/multithreadingtests/realworldapps/apache/src/os/unix'
make[3]: Leaving directory '/home/st/Projects/multithreadingtests/realworldapps/apache/src/os/unix'
make[2]: Leaving directory '/home/st/Projects/multithreadingtests/realworldapps/apache/src/os'
make[2]: Entering directory '/home/st/Projects/multithreadingtests/realworldapps/apache/src/server'
make[3]: Entering directory '/home/st/Projects/multithreadingtests/realworldapps/apache/src/server/mpm'
make[4]: Entering directory '/home/st/Projects/multithreadingtests/realworldapps/apache/src/server/mpm/event'
make[4]: Leaving directory '/home/st/Projects/multithreadingtests/realworldapps/apache/src/server/mpm/event'
make[3]: Leaving directory '/home/st/Projects/multithreadingtests/realworldapps/apache/src/server/mpm'
make[2]: Leaving directory '/home/st/Projects/multithreadingtests/realworldapps/apache/src/server'
make[2]: Entering directory '/home/st/Projects/multithreadingtests/realworldapps/apache/src/modules'
make[3]: Entering directory '/home/st/Projects/multithreadingtests/realworldapps/apache/src/modules/aaa'
Building shared: mod_authn_file.la mod_authn_dbm.la mod_authn_anon.la mod_authn_dbd.la mod_authn_socache.la mod_authn_core.la mod_authz_host.la mod_authz_groupfile.la mod_authz_user.la mod_authz_dbm.la mod_authz_owner.la mod_authz_dbd.la mod_authz_core.la mod_access_compat.la mod_auth_basic.la mod_auth_form.la mod_auth_digest.la mod_allowmethods.la
make[4]: Entering directory '/home/st/Projects/multithreadingtests/realworldapps/apache/src/modules/aaa'
make[4]: Nothing to be done for 'local-shared-build'.
make[4]: Leaving directory '/home/st/Projects/multithreadingtests/realworldapps/apache/src/modules/aaa'
make[3]: Leaving directory '/home/st/Projects/multithreadingtests/realworldapps/apache/src/modules/aaa'
make[3]: Entering directory '/home/st/Projects/multithreadingtests/realworldapps/apache/src/modules/cache'
Building shared: mod_file_cache.la mod_cache.la mod_cache_disk.la mod_cache_socache.la mod_socache_shmcb.la mod_socache_dbm.la mod_socache_memcache.la
make[4]: Entering directory '/home/st/Projects/multithreadingtests/realworldapps/apache/src/modules/cache'
make[4]: Nothing to be done for 'local-shared-build'.
make[4]: Leaving directory '/home/st/Projects/multithreadingtests/realworldapps/apache/src/modules/cache'
make[3]: Leaving directory '/home/st/Projects/multithreadingtests/realworldapps/apache/src/modules/cache'
make[3]: Entering directory '/home/st/Projects/multithreadingtests/realworldapps/apache/src/modules/core'
Building shared: mod_watchdog.la mod_macro.la
make[4]: Entering directory '/home/st/Projects/multithreadingtests/realworldapps/apache/src/modules/core'
make[4]: Nothing to be done for 'local-shared-build'.
make[4]: Leaving directory '/home/st/Projects/multithreadingtests/realworldapps/apache/src/modules/core'
make[3]: Leaving directory '/home/st/Projects/multithreadingtests/realworldapps/apache/src/modules/core'
make[3]: Entering directory '/home/st/Projects/multithreadingtests/realworldapps/apache/src/modules/database'
Building shared: mod_dbd.la
make[4]: Entering directory '/home/st/Projects/multithreadingtests/realworldapps/apache/src/modules/database'
make[4]: Nothing to be done for 'local-shared-build'.
make[4]: Leaving directory '/home/st/Projects/multithreadingtests/realworldapps/apache/src/modules/database'
make[3]: Leaving directory '/home/st/Projects/multithreadingtests/realworldapps/apache/src/modules/database'
make[3]: Entering directory '/home/st/Projects/multithreadingtests/realworldapps/apache/src/modules/debugging'
Building shared: mod_dumpio.la
make[4]: Entering directory '/home/st/Projects/multithreadingtests/realworldapps/apache/src/modules/debugging'
make[4]: Nothing to be done for 'local-shared-build'.
make[4]: Leaving directory '/home/st/Projects/multithreadingtests/realworldapps/apache/src/modules/debugging'
make[3]: Leaving directory '/home/st/Projects/multithreadingtests/realworldapps/apache/src/modules/debugging'
make[3]: Entering directory '/home/st/Projects/multithreadingtests/realworldapps/apache/src/modules/filters'
Building shared: mod_buffer.la mod_ratelimit.la mod_reqtimeout.la mod_ext_filter.la mod_request.la mod_include.la mod_filter.la mod_substitute.la mod_sed.la mod_deflate.la
make[4]: Entering directory '/home/st/Projects/multithreadingtests/realworldapps/apache/src/modules/filters'
make[4]: Nothing to be done for 'local-shared-build'.
make[4]: Leaving directory '/home/st/Projects/multithreadingtests/realworldapps/apache/src/modules/filters'
make[3]: Leaving directory '/home/st/Projects/multithreadingtests/realworldapps/apache/src/modules/filters'
make[3]: Entering directory '/home/st/Projects/multithreadingtests/realworldapps/apache/src/modules/http'
Building shared: mod_mime.la
make[4]: Entering directory '/home/st/Projects/multithreadingtests/realworldapps/apache/src/modules/http'
make[4]: Nothing to be done for 'local-shared-build'.
make[4]: Leaving directory '/home/st/Projects/multithreadingtests/realworldapps/apache/src/modules/http'
make[3]: Leaving directory '/home/st/Projects/multithreadingtests/realworldapps/apache/src/modules/http'
make[3]: Entering directory '/home/st/Projects/multithreadingtests/realworldapps/apache/src/modules/loggers'
Building shared: mod_log_config.la mod_log_debug.la mod_logio.la
make[4]: Entering directory '/home/st/Projects/multithreadingtests/realworldapps/apache/src/modules/loggers'
make[4]: Nothing to be done for 'local-shared-build'.
make[4]: Leaving directory '/home/st/Projects/multithreadingtests/realworldapps/apache/src/modules/loggers'
make[3]: Leaving directory '/home/st/Projects/multithreadingtests/realworldapps/apache/src/modules/loggers'
make[3]: Entering directory '/home/st/Projects/multithreadingtests/realworldapps/apache/src/modules/metadata'
Building shared: mod_env.la mod_expires.la mod_headers.la mod_unique_id.la mod_setenvif.la mod_version.la mod_remoteip.la
make[4]: Entering directory '/home/st/Projects/multithreadingtests/realworldapps/apache/src/modules/metadata'
make[4]: Nothing to be done for 'local-shared-build'.
make[4]: Leaving directory '/home/st/Projects/multithreadingtests/realworldapps/apache/src/modules/metadata'
make[3]: Leaving directory '/home/st/Projects/multithreadingtests/realworldapps/apache/src/modules/metadata'
make[3]: Entering directory '/home/st/Projects/multithreadingtests/realworldapps/apache/src/modules/proxy'
Building shared: mod_proxy.la mod_proxy_connect.la mod_proxy_ftp.la mod_proxy_http.la mod_proxy_fcgi.la mod_proxy_scgi.la mod_proxy_uwsgi.la mod_proxy_fdpass.la mod_proxy_wstunnel.la mod_proxy_ajp.la mod_proxy_balancer.la mod_proxy_express.la mod_proxy_hcheck.la
make[4]: Entering directory '/home/st/Projects/multithreadingtests/realworldapps/apache/src/modules/proxy'
make[4]: Nothing to be done for 'local-shared-build'.
make[4]: Leaving directory '/home/st/Projects/multithreadingtests/realworldapps/apache/src/modules/proxy'
make[3]: Leaving directory '/home/st/Projects/multithreadingtests/realworldapps/apache/src/modules/proxy'
make[3]: Entering directory '/home/st/Projects/multithreadingtests/realworldapps/apache/src/modules/session'
Building shared: mod_session.la mod_session_cookie.la mod_session_dbd.la
make[4]: Entering directory '/home/st/Projects/multithreadingtests/realworldapps/apache/src/modules/session'
make[4]: Nothing to be done for 'local-shared-build'.
make[4]: Leaving directory '/home/st/Projects/multithreadingtests/realworldapps/apache/src/modules/session'
make[3]: Leaving directory '/home/st/Projects/multithreadingtests/realworldapps/apache/src/modules/session'
make[3]: Entering directory '/home/st/Projects/multithreadingtests/realworldapps/apache/src/modules/slotmem'
Building shared: mod_slotmem_shm.la
make[4]: Entering directory '/home/st/Projects/multithreadingtests/realworldapps/apache/src/modules/slotmem'
make[4]: Nothing to be done for 'local-shared-build'.
make[4]: Leaving directory '/home/st/Projects/multithreadingtests/realworldapps/apache/src/modules/slotmem'
make[3]: Leaving directory '/home/st/Projects/multithreadingtests/realworldapps/apache/src/modules/slotmem'
make[3]: Entering directory '/home/st/Projects/multithreadingtests/realworldapps/apache/src/modules/ssl'
Building shared: mod_ssl.la
make[4]: Entering directory '/home/st/Projects/multithreadingtests/realworldapps/apache/src/modules/ssl'
make[4]: Nothing to be done for 'local-shared-build'.
make[4]: Leaving directory '/home/st/Projects/multithreadingtests/realworldapps/apache/src/modules/ssl'
make[3]: Leaving directory '/home/st/Projects/multithreadingtests/realworldapps/apache/src/modules/ssl'
make[3]: Entering directory '/home/st/Projects/multithreadingtests/realworldapps/apache/src/modules/proxy/balancers'
Building shared: mod_lbmethod_byrequests.la mod_lbmethod_bytraffic.la mod_lbmethod_bybusyness.la mod_lbmethod_heartbeat.la
make[4]: Entering directory '/home/st/Projects/multithreadingtests/realworldapps/apache/src/modules/proxy/balancers'
make[4]: Nothing to be done for 'local-shared-build'.
make[4]: Leaving directory '/home/st/Projects/multithreadingtests/realworldapps/apache/src/modules/proxy/balancers'
make[3]: Leaving directory '/home/st/Projects/multithreadingtests/realworldapps/apache/src/modules/proxy/balancers'
make[3]: Entering directory '/home/st/Projects/multithreadingtests/realworldapps/apache/src/modules/arch/unix'
Building shared: mod_unixd.la
make[4]: Entering directory '/home/st/Projects/multithreadingtests/realworldapps/apache/src/modules/arch/unix'
make[4]: Nothing to be done for 'local-shared-build'.
make[4]: Leaving directory '/home/st/Projects/multithreadingtests/realworldapps/apache/src/modules/arch/unix'
make[3]: Leaving directory '/home/st/Projects/multithreadingtests/realworldapps/apache/src/modules/arch/unix'
make[3]: Entering directory '/home/st/Projects/multithreadingtests/realworldapps/apache/src/modules/dav/main'
Building shared: mod_dav.la
make[4]: Entering directory '/home/st/Projects/multithreadingtests/realworldapps/apache/src/modules/dav/main'
make[4]: Nothing to be done for 'local-shared-build'.
make[4]: Leaving directory '/home/st/Projects/multithreadingtests/realworldapps/apache/src/modules/dav/main'
make[3]: Leaving directory '/home/st/Projects/multithreadingtests/realworldapps/apache/src/modules/dav/main'
make[3]: Entering directory '/home/st/Projects/multithreadingtests/realworldapps/apache/src/modules/generators'
Building shared: mod_status.la mod_autoindex.la mod_info.la mod_cgid.la
make[4]: Entering directory '/home/st/Projects/multithreadingtests/realworldapps/apache/src/modules/generators'
make[4]: Nothing to be done for 'local-shared-build'.
make[4]: Leaving directory '/home/st/Projects/multithreadingtests/realworldapps/apache/src/modules/generators'
make[3]: Leaving directory '/home/st/Projects/multithreadingtests/realworldapps/apache/src/modules/generators'
make[3]: Entering directory '/home/st/Projects/multithreadingtests/realworldapps/apache/src/modules/dav/fs'
Building shared: mod_dav_fs.la
make[4]: Entering directory '/home/st/Projects/multithreadingtests/realworldapps/apache/src/modules/dav/fs'
make[4]: Nothing to be done for 'local-shared-build'.
make[4]: Leaving directory '/home/st/Projects/multithreadingtests/realworldapps/apache/src/modules/dav/fs'
make[3]: Leaving directory '/home/st/Projects/multithreadingtests/realworldapps/apache/src/modules/dav/fs'
make[3]: Entering directory '/home/st/Projects/multithreadingtests/realworldapps/apache/src/modules/mappers'
Building shared: mod_vhost_alias.la mod_negotiation.la mod_dir.la mod_actions.la mod_speling.la mod_userdir.la mod_alias.la mod_rewrite.la
make[4]: Entering directory '/home/st/Projects/multithreadingtests/realworldapps/apache/src/modules/mappers'
make[4]: Nothing to be done for 'local-shared-build'.
make[4]: Leaving directory '/home/st/Projects/multithreadingtests/realworldapps/apache/src/modules/mappers'
make[3]: Leaving directory '/home/st/Projects/multithreadingtests/realworldapps/apache/src/modules/mappers'
make[2]: Leaving directory '/home/st/Projects/multithreadingtests/realworldapps/apache/src/modules'
make[2]: Entering directory '/home/st/Projects/multithreadingtests/realworldapps/apache/src/support'
make[2]: Leaving directory '/home/st/Projects/multithreadingtests/realworldapps/apache/src/support'

Installing configuration files
Installing HTML documents
Installing error documents
Installing icons
Installing CGIs
Installing header files
Installing build system files
Installing man pages and online manual
make[1]: Leaving directory '/home/st/Projects/multithreadingtests/realworldapps/apache/src'
