checking for chosen layout... Apache
checking for working mkdir -p... yes
checking for grep that handles long lines and -e... /usr/bin/grep
checking for egrep... /usr/bin/grep -E
checking build system type... x86_64-pc-linux-gnu
checking host system type... x86_64-pc-linux-gnu
checking target system type... x86_64-pc-linux-gnu
configure: 
configure: Configuring Apache Portable Runtime library...
configure: 
configuring package in srclib/apr now
checking build system type... x86_64-pc-linux-gnu
checking host system type... x86_64-pc-linux-gnu
checking target system type... x86_64-pc-linux-gnu
Configuring APR library
Platform: x86_64-pc-linux-gnu
checking for working mkdir -p... yes
APR Version: 1.7.0
checking for chosen layout... apr
checking for gcc... gcc
checking whether the C compiler works... yes
checking for C compiler default output file name... a.out
checking for suffix of executables... 
checking whether we are cross compiling... no
checking for suffix of object files... o
checking whether we are using the GNU C compiler... yes
checking whether gcc accepts -g... yes
checking for gcc option to accept ISO C89... none needed
checking for a sed that does not truncate output... /usr/bin/sed
Applying APR hints file rules for x86_64-pc-linux-gnu
  setting CPPFLAGS to "-DLINUX -D_REENTRANT -D_GNU_SOURCE"
(Default will be unix)
checking whether make sets $(MAKE)... yes
checking how to run the C preprocessor... gcc -E
checking for gawk... no
checking for mawk... mawk
checking whether ln -s works... yes
checking for ranlib... ranlib
checking for a BSD-compatible install... /usr/bin/install -c
checking for rm... rm
checking for as... as
checking for cpp... cpp
checking for ar... ar
checking for grep that handles long lines and -e... /usr/bin/grep
checking for egrep... /usr/bin/grep -E
checking for ANSI C header files... yes
checking for sys/types.h... yes
checking for sys/stat.h... yes
checking for stdlib.h... yes
checking for string.h... yes
checking for memory.h... yes
checking for strings.h... yes
checking for inttypes.h... yes
checking for stdint.h... yes
checking for unistd.h... yes
checking minix/config.h usability... no
checking minix/config.h presence... no
checking for minix/config.h... no
checking whether it is safe to define __EXTENSIONS__... yes
checking for library containing strerror... none required
checking whether system uses EBCDIC... no
performing libtool configuration...
checking how to print strings... printf
checking for a sed that does not truncate output... (cached) /usr/bin/sed
checking for fgrep... /usr/bin/grep -F
checking for ld used by gcc... /usr/bin/ld
checking if the linker (/usr/bin/ld) is GNU ld... yes
checking for BSD- or MS-compatible name lister (nm)... /usr/bin/nm -B
checking the name lister (/usr/bin/nm -B) interface... BSD nm
checking the maximum length of command line arguments... 1572864
checking how to convert x86_64-pc-linux-gnu file names to x86_64-pc-linux-gnu format... func_convert_file_noop
checking how to convert x86_64-pc-linux-gnu file names to toolchain format... func_convert_file_noop
checking for /usr/bin/ld option to reload object files... -r
checking for objdump... objdump
checking how to recognize dependent libraries... pass_all
checking for dlltool... dlltool
checking how to associate runtime and link libraries... printf %s\n
checking for archiver @FILE support... @
checking for strip... strip
checking for ranlib... (cached) ranlib
checking command to parse /usr/bin/nm -B output from gcc object... ok
checking for sysroot... no
checking for a working dd... /usr/bin/dd
checking how to truncate binary pipes... /usr/bin/dd bs=4096 count=1
checking for mt... mt
checking if mt is a manifest tool... no
checking for dlfcn.h... yes
checking for objdir... .libs
checking if gcc supports -fno-rtti -fno-exceptions... no
checking for gcc option to produce PIC... -fPIC -DPIC
checking if gcc PIC flag -fPIC -DPIC works... yes
checking if gcc static flag -static works... yes
checking if gcc supports -c -o file.o... yes
checking if gcc supports -c -o file.o... (cached) yes
checking whether the gcc linker (/usr/bin/ld -m elf_x86_64) supports shared libraries... yes
checking whether -lc should be explicitly linked in... no
checking dynamic linker characteristics... GNU/Linux ld.so
checking how to hardcode library paths into programs... immediate
checking whether stripping libraries is possible... yes
checking if libtool supports shared libraries... yes
checking whether to build shared libraries... yes
checking whether to build static libraries... yes

Check for compiler flags...
checking whether the compiler provides atomic builtins... yes
checking whether to enable -D_LARGEFILE64_SOURCE... no
configure: Configured for Linux 5.8

Checking for libraries...
checking for library containing gethostbyname... none required
checking for library containing gethostname... none required
checking for library containing socket... none required
checking for library containing crypt... -lcrypt
checking for main in -ltruerand... no
checking for library containing modf... none required

Checking for Threads...
checking pthread.h usability... yes
checking pthread.h presence... yes
checking for pthread.h... yes
checking for CFLAGS needed for pthreads... -pthread
  adding "-pthread" to CFLAGS
checking for LIBS needed for pthreads... -lpthread
  adding "-lpthread" to LIBS
checking for pthread.h... (cached) yes
checking whether pthread_getspecific takes two arguments... no
checking whether pthread_attr_getdetachstate takes one argument... no
checking for recursive mutex support... yes
checking for pthread_key_delete... yes
checking for pthread_rwlock_init... yes
checking for pthread_attr_setguardsize... yes
checking for pthread_yield... yes
checking for pthread_rwlock_t... yes
APR will use threads
checking for gethostbyname in -lc_r... no
checking for gethostbyaddr in -lc_r... no
checking for getservbyname in -lc_r... no
checking for gethostbyname_r... yes
checking for gethostbyaddr_r... yes
checking for getservbyname_r... yes
checking for sigsuspend... yes
checking for sigwait... yes
checking for poll... yes
checking for kqueue... no
checking for port_create... no
checking for epoll support... yes
checking for epoll_create1 support... yes
checking for dup3 support... yes
checking for accept4 support... yes
checking for SOCK_CLOEXEC support... yes
checking for fdatasync... yes
checking for epoll_create1 support... (cached) yes
checking for asio -> message queue support... no
checking for dup3 support... (cached) yes
checking for accept4 support... (cached) yes
checking for SOCK_CLOEXEC support... (cached) yes
checking for getpwnam_r... yes
checking for getpwuid_r... yes
checking for getgrnam_r... yes
checking for getgrgid_r... yes

Checking for Shared Memory Support...
checking for library containing shm_open... -lrt
checking for sys/types.h... (cached) yes
checking sys/mman.h usability... yes
checking sys/mman.h presence... yes
checking for sys/mman.h... yes
checking sys/ipc.h usability... yes
checking sys/ipc.h presence... yes
checking for sys/ipc.h... yes
checking sys/mutex.h usability... no
checking sys/mutex.h presence... no
checking for sys/mutex.h... no
checking sys/shm.h usability... yes
checking sys/shm.h presence... yes
checking for sys/shm.h... yes
checking sys/file.h usability... yes
checking sys/file.h presence... yes
checking for sys/file.h... yes
checking sys/socket.h usability... yes
checking sys/socket.h presence... yes
checking for sys/socket.h... yes
checking kernel/OS.h usability... no
checking kernel/OS.h presence... no
checking for kernel/OS.h... no
checking os2.h usability... no
checking os2.h presence... no
checking for os2.h... no
checking windows.h usability... no
checking windows.h presence... no
checking for windows.h... no
checking for net/if.h... yes
checking for mmap... yes
checking for munmap... yes
checking for shm_open... yes
checking for shm_unlink... yes
checking for shmget... yes
checking for shmat... yes
checking for shmdt... yes
checking for shmctl... yes
checking for create_area... no
checking for mprotect... yes
checking for MAP_ANON in sys/mman.h... yes
checking for /dev/zero... yes
checking for mmap that can map /dev/zero... yes
decision on anonymous shared memory allocation method... 4.4BSD-style mmap() via MAP_ANON
decision on namebased memory allocation method... SysV IPC shmget()
checking for size_t... yes
checking for working alloca.h... yes
checking for alloca... yes
checking for calloc... yes
checking for setsid... yes
checking for isinf... yes
checking for isnan... yes
checking for getenv... yes
checking for putenv... yes
checking for setenv... yes
checking for unsetenv... yes
checking for writev... yes
checking for getifaddrs... yes
checking for utime... yes
checking for utimes... yes
checking for setrlimit... yes
checking for getrlimit... yes
checking for sendfilev in -lsendfile... no
checking for sendfile... yes
checking for send_file... no
checking for sendfilev... no
checking for sigaction... yes
checking whether sys_siglist is declared... yes
checking for fork... yes
checking for inet_addr... yes
checking for inet_network... yes
checking for _getch... no
checking for strerror_r... yes
checking for type of return code from strerror_r... pointer
checking for mmap... (cached) yes
checking for memmove... yes
checking for getpass... yes
checking for getpassphrase... no
checking for gmtime_r... yes
checking for localtime_r... yes
checking for mkstemp... yes
checking whether sigwait takes one argument... no
checking for ANSI C header files... (cached) yes
checking ByteOrder.h usability... no
checking ByteOrder.h presence... no
checking for ByteOrder.h... no
checking conio.h usability... no
checking conio.h presence... no
checking for conio.h... no
checking crypt.h usability... yes
checking crypt.h presence... yes
checking for crypt.h... yes
checking ctype.h usability... yes
checking ctype.h presence... yes
checking for ctype.h... yes
checking dir.h usability... no
checking dir.h presence... no
checking for dir.h... no
checking dirent.h usability... yes
checking dirent.h presence... yes
checking for dirent.h... yes
checking dl.h usability... no
checking dl.h presence... no
checking for dl.h... no
checking for dlfcn.h... (cached) yes
checking errno.h usability... yes
checking errno.h presence... yes
checking for errno.h... yes
checking fcntl.h usability... yes
checking fcntl.h presence... yes
checking for fcntl.h... yes
checking grp.h usability... yes
checking grp.h presence... yes
checking for grp.h... yes
checking for inttypes.h... (cached) yes
checking io.h usability... no
checking io.h presence... no
checking for io.h... no
checking limits.h usability... yes
checking limits.h presence... yes
checking for limits.h... yes
checking mach-o/dyld.h usability... no
checking mach-o/dyld.h presence... no
checking for mach-o/dyld.h... no
checking malloc.h usability... yes
checking malloc.h presence... yes
checking for malloc.h... yes
checking for memory.h... (cached) yes
checking netdb.h usability... yes
checking netdb.h presence... yes
checking for netdb.h... yes
checking osreldate.h usability... no
checking osreldate.h presence... no
checking for osreldate.h... no
checking poll.h usability... yes
checking poll.h presence... yes
checking for poll.h... yes
checking process.h usability... no
checking process.h presence... no
checking for process.h... no
checking pwd.h usability... yes
checking pwd.h presence... yes
checking for pwd.h... yes
checking semaphore.h usability... yes
checking semaphore.h presence... yes
checking for semaphore.h... yes
checking signal.h usability... yes
checking signal.h presence... yes
checking for signal.h... yes
checking stdarg.h usability... yes
checking stdarg.h presence... yes
checking for stdarg.h... yes
checking stddef.h usability... yes
checking stddef.h presence... yes
checking for stddef.h... yes
checking stdio.h usability... yes
checking stdio.h presence... yes
checking for stdio.h... yes
checking for stdlib.h... (cached) yes
checking for string.h... (cached) yes
checking for strings.h... (cached) yes
checking sysapi.h usability... no
checking sysapi.h presence... no
checking for sysapi.h... no
checking sysgtime.h usability... no
checking sysgtime.h presence... no
checking for sysgtime.h... no
checking termios.h usability... yes
checking termios.h presence... yes
checking for termios.h... yes
checking time.h usability... yes
checking time.h presence... yes
checking for time.h... yes
checking tpfeq.h usability... no
checking tpfeq.h presence... no
checking for tpfeq.h... no
checking tpfio.h usability... no
checking tpfio.h presence... no
checking for tpfio.h... no
checking for unistd.h... (cached) yes
checking unix.h usability... no
checking unix.h presence... no
checking for unix.h... no
checking for windows.h... (cached) no
checking winsock2.h usability... no
checking winsock2.h presence... no
checking for winsock2.h... no
checking arpa/inet.h usability... yes
checking arpa/inet.h presence... yes
checking for arpa/inet.h... yes
checking for kernel/OS.h... (cached) no
checking net/errno.h usability... no
checking net/errno.h presence... no
checking for net/errno.h... no
checking netinet/in.h usability... yes
checking netinet/in.h presence... yes
checking for netinet/in.h... yes
checking netinet/sctp.h usability... no
checking netinet/sctp.h presence... no
checking for netinet/sctp.h... no
checking netinet/sctp_uio.h usability... no
checking netinet/sctp_uio.h presence... no
checking for netinet/sctp_uio.h... no
checking for sys/file.h... (cached) yes
checking sys/ioctl.h usability... yes
checking sys/ioctl.h presence... yes
checking for sys/ioctl.h... yes
checking for sys/mman.h... (cached) yes
checking sys/param.h usability... yes
checking sys/param.h presence... yes
checking for sys/param.h... yes
checking sys/poll.h usability... yes
checking sys/poll.h presence... yes
checking for sys/poll.h... yes
checking sys/resource.h usability... yes
checking sys/resource.h presence... yes
checking for sys/resource.h... yes
checking sys/select.h usability... yes
checking sys/select.h presence... yes
checking for sys/select.h... yes
checking sys/sem.h usability... yes
checking sys/sem.h presence... yes
checking for sys/sem.h... yes
checking sys/sendfile.h usability... yes
checking sys/sendfile.h presence... yes
checking for sys/sendfile.h... yes
checking sys/signal.h usability... yes
checking sys/signal.h presence... yes
checking for sys/signal.h... yes
checking for sys/socket.h... (cached) yes
checking sys/sockio.h usability... no
checking sys/sockio.h presence... no
checking for sys/sockio.h... no
checking for sys/stat.h... (cached) yes
checking sys/sysctl.h usability... yes
checking sys/sysctl.h presence... yes
checking for sys/sysctl.h... yes
checking sys/syslimits.h usability... no
checking sys/syslimits.h presence... no
checking for sys/syslimits.h... no
checking sys/time.h usability... yes
checking sys/time.h presence... yes
checking for sys/time.h... yes
checking for sys/types.h... (cached) yes
checking sys/uio.h usability... yes
checking sys/uio.h presence... yes
checking for sys/uio.h... yes
checking sys/un.h usability... yes
checking sys/un.h presence... yes
checking for sys/un.h... yes
checking sys/wait.h usability... yes
checking sys/wait.h presence... yes
checking for sys/wait.h... yes
checking for netinet/tcp.h... yes
checking for h_errno in netdb.h... yes
checking for off_t... yes
checking for pid_t... yes
checking for size_t... (cached) yes
checking for uid_t in sys/types.h... yes
checking for ssize_t... yes
checking for inline... inline
checking for an ANSI C-conforming const... yes
checking whether setpgrp takes no argument... yes
checking for socklen_t... yes
checking size of void*... 8
checking size of char... 1
checking size of short... 2
checking size of int... 4
checking size of long... 8
checking size of long long... 8
checking whether int64_t and int use fmt %d... no
checking whether int64_t and long use fmt %ld... yes
checking for INT64_C... yes
checking size of pid_t... 4
checking whether ssize_t and long use fmt %ld... yes
checking whether size_t and unsigned long use fmt %lu... yes
checking size of ssize_t... 8
checking which format to use for apr_ssize_t... %ld
checking size of size_t... 8
checking which format to use for apr_size_t... %lu
checking size of off_t... 8
checking which type to use for apr_off_t... checking whether off_t and long use fmt %ld... yes
off_t
checking size of ino_t... 8
configure: using ino_t for ino_t
checking whether byte ordering is bigendian... no
checking size of struct iovec... 16
checking for strnicmp... no
checking for strncasecmp... yes
checking for stricmp... no
checking for strcasecmp... yes
checking for strdup... yes
checking for strstr... yes
checking for memchr... yes
checking for strtol... yes

Checking for DSO...
checking for dlopen... no
checking for dlopen in -ldl... yes
  adding "-ldl" to LIBS
checking for dlsym... yes

Checking for Processes...
checking for waitpid... yes
checking for Variable Length Arrays... yes
checking struct rlimit... yes

Checking for Locking...
checking for semget... yes
checking for semctl... yes
checking for semop... yes
checking for semtimedop... yes
checking for flock... yes
checking for semaphore.h... (cached) yes
checking for library containing sem_open... none required
checking for sem_close... yes
checking for sem_unlink... yes
checking for sem_post... yes
checking for sem_wait... yes
checking for sem_timedwait... yes
checking OS.h usability... no
checking OS.h presence... no
checking for OS.h... no
checking for create_sem... no
checking for acquire_sem... no
checking for acquire_sem_etc... no
checking for working sem_open... yes
checking for union semun in sys/sem.h... no
checking for LOCK_EX in sys/file.h... yes
checking for F_SETLK in fcntl.h... yes
checking for SEM_UNDO in sys/sem.h... yes
checking for POLLIN in poll.h sys/poll.h... yes
checking for PTHREAD_PROCESS_SHARED in pthread.h... yes
checking for pthread_mutex_timedlock... yes
checking for pthread_mutexattr_setpshared... yes
checking for working PROCESS_SHARED locks... yes
checking for robust cross-process mutex support... yes
checking for pthread_condattr_setpshared... yes
decision on apr_lock implementation method... pthread pshared mutex
checking if fcntl returns EACCES when F_SETLK is already held... no
checking if all interprocess locks affect threads... no
checking if POSIX sems affect threads in the same process... no
checking if SysV sems affect threads in the same process... no
checking if fcntl locks affect threads in the same process... no
checking if flock locks affect threads in the same process... no
checking sys/random.h usability... yes
checking sys/random.h presence... yes
checking for sys/random.h... yes
checking for getrandom... yes
checking sys/syscall.h usability... yes
checking sys/syscall.h presence... yes
checking for sys/syscall.h... yes
checking linux/random.h usability... yes
checking linux/random.h presence... yes
checking for linux/random.h... yes
checking whether SYS_getrandom is declared... yes
checking for arc4random_buf... no
checking for entropy source... getrandom

Checking for File Info Support...
checking for struct stat.st_blocks... yes
checking for struct stat.st_atimensec... no
checking for struct stat.st_ctimensec... no
checking for struct stat.st_mtimensec... no
checking for struct stat.st_atim.tv_nsec... yes
checking for struct stat.st_ctim.tv_nsec... yes
checking for struct stat.st_mtim.tv_nsec... yes
checking for struct stat.st_atime_n... no
checking for struct stat.st_ctime_n... no
checking for struct stat.st_mtime_n... no
checking for inode member of struct dirent... d_fileno
checking for file type member of struct dirent... d_type

Checking for OS UUID Support...
checking uuid.h usability... no
checking uuid.h presence... no
checking for uuid.h... no
checking uuid/uuid.h usability... no
checking uuid/uuid.h presence... no
checking for uuid/uuid.h... no
checking sys/uuid.h usability... no
checking sys/uuid.h presence... no
checking for sys/uuid.h... no
checking for library containing uuid_create... no
checking for library containing uuid_generate... no
checking for uuid_create... no
checking for uuid_generate... no
checking for os uuid usability... no

Checking for Time Support...
checking for struct tm.tm_gmtoff... yes
checking for struct tm.__tm_gmtoff... no

Checking for Networking support...
checking for type in_addr... yes
checking if fd == socket on this platform... yes
checking style of gethostbyname_r routine... glibc2
checking 3rd argument to the gethostbyname_r routines... char
checking style of getservbyname_r routine... glibc2
checking if TCP_NODELAY setting is inherited from listening sockets... yes
checking if O_NONBLOCK setting is inherited from listening sockets... no
checking whether TCP_NODELAY and TCP_CORK can both be enabled... yes
checking for TCP_CORK in netinet/tcp.h... yes
checking for TCP_NOPUSH in netinet/tcp.h... no
checking for SO_ACCEPTFILTER in sys/socket.h... no
checking whether SCTP is supported... no
checking for struct ip_mreq... yes
checking for set_h_errno... no

Checking for IPv6 Networking support...
checking for library containing getaddrinfo... none required
checking for library containing gai_strerror... none required
checking for library containing getnameinfo... none required
checking for gai_strerror... yes
checking for if_nametoindex... yes
checking for if_indextoname... yes
checking for working getaddrinfo... yes
checking for negative error codes for getaddrinfo... yes
checking for working getnameinfo... yes
checking for sockaddr_in6... yes
checking for sockaddr_storage... yes
checking for sockaddr_un... yes
checking for working AI_ADDRCONFIG... yes
checking if APR supports IPv6... yes
checking langinfo.h usability... yes
checking langinfo.h presence... yes
checking for langinfo.h... yes
checking for nl_langinfo... yes
  setting have_unicode_fs to "0"
  setting apr_has_xthread_files to "0"
  setting apr_procattr_user_set_requires_password to "0"
  setting apr_thread_func to ""
  setting apr_has_user to "1"

Restore user-defined environment settings...
  restoring CPPFLAGS to ""
  setting EXTRA_CPPFLAGS to "-DLINUX -D_REENTRANT -D_GNU_SOURCE"
  restoring CFLAGS to ""
  setting EXTRA_CFLAGS to "-g -O2 -pthread"
  restoring LDFLAGS to ""
  setting EXTRA_LDFLAGS to ""
  restoring LIBS to ""
  setting EXTRA_LIBS to "-lrt -lcrypt  -lpthread -ldl"
  restoring INCLUDES to ""
  setting EXTRA_INCLUDES to ""
configure: creating ./config.status
config.status: creating Makefile
config.status: creating include/apr.h
config.status: creating build/apr_rules.mk
config.status: creating build/pkg/pkginfo
config.status: creating apr-1-config
config.status: creating apr.pc
config.status: creating test/Makefile
config.status: creating test/internal/Makefile
config.status: creating include/arch/unix/apr_private.h
config.status: executing libtool commands
config.status: executing default commands
config.status: include/apr.h is unchanged
config.status: include/arch/unix/apr_private.h is unchanged
srclib/apr configured properly
  setting CC to "gcc"
  setting CPP to "gcc -E"
  setting CFLAGS to " -g -O2 -pthread"
  setting CPPFLAGS to " -DLINUX -D_REENTRANT -D_GNU_SOURCE"
  setting LDFLAGS to " "
configure: 
configure: Configuring Apache Portable Runtime Utility library...
configure: 
configuring package in srclib/apr-util now
checking build system type... x86_64-pc-linux-gnu
checking host system type... x86_64-pc-linux-gnu
checking target system type... x86_64-pc-linux-gnu
checking for a BSD-compatible install... /usr/bin/install -c
checking for working mkdir -p... yes
APR-util Version: 1.6.1
checking for chosen layout... apr-util
checking for gcc... gcc
checking whether the C compiler works... yes
checking for C compiler default output file name... a.out
checking for suffix of executables... 
checking whether we are cross compiling... no
checking for suffix of object files... o
checking whether we are using the GNU C compiler... yes
checking whether gcc accepts -g... yes
checking for gcc option to accept ISO C89... none needed
Applying apr-util hints file rules for x86_64-pc-linux-gnu
checking for APR... yes
  setting CPP to "gcc -E"
  adding "-pthread" to CFLAGS
  setting CPPFLAGS to " -DLINUX -D_REENTRANT -D_GNU_SOURCE"
checking how to run the C preprocessor... gcc -E
checking for grep that handles long lines and -e... /usr/bin/grep
checking for egrep... /usr/bin/grep -E
checking for ANSI C header files... yes
checking for sys/types.h... yes
checking for sys/stat.h... yes
checking for stdlib.h... yes
checking for string.h... yes
checking for memory.h... yes
checking for strings.h... yes
checking for inttypes.h... yes
checking for stdint.h... yes
checking for unistd.h... yes
checking for ldap support...
checking for default DBM... sdbm (default)
checking for pg_config... no
checking libpq-fe.h usability... no
checking libpq-fe.h presence... no
checking for libpq-fe.h... no
checking postgresql/libpq-fe.h usability... no
checking postgresql/libpq-fe.h presence... no
checking for postgresql/libpq-fe.h... no
checking sqlite3.h usability... no
checking sqlite3.h presence... no
checking for sqlite3.h... no
checking sqlite.h usability... no
checking sqlite.h presence... no
checking for sqlite.h... no
checking for odbc_config... no
checking sql.h usability... no
checking sql.h presence... no
checking for sql.h... no
checking odbc/sql.h usability... no
checking odbc/sql.h presence... no
checking for odbc/sql.h... no
checking Expat 1.95.x... yes
  setting APRUTIL_EXPORT_LIBS to "-lexpat"
  setting APRUTIL_LIBS to "-lexpat"
checking iconv.h usability... yes
checking iconv.h presence... yes
checking for iconv.h... yes
checking for type of inbuf parameter to iconv... char **
checking for iconv.h... (cached) yes
checking langinfo.h usability... yes
checking langinfo.h presence... yes
checking for langinfo.h... yes
checking for nl_langinfo... yes
checking for CODESET in langinfo.h... yes
checking whether APR has DSO support... yes
checking for library containing crypt... -lcrypt
checking if system crypt() function is threadsafe... no
checking for crypt_r... yes
checking style of crypt_r... struct_crypt_data
checking whether the compiler handles weak symbols... yes
checking for memset_s support... no
checking for explicit_bzero support... yes
  adding "/home/st/Projects/multithreadingtests/realworldapps/apache/src/srclib/apr/libapr-1.la" to APRUTIL_LIBS
  adding "-lrt" to APRUTIL_LIBS
  adding "-lcrypt" to APRUTIL_LIBS
  adding "-lpthread" to APRUTIL_LIBS
  adding "-ldl" to APRUTIL_LIBS
configure: creating ./config.status
config.status: creating Makefile
config.status: creating export_vars.sh
config.status: creating build/pkg/pkginfo
config.status: creating apr-util.pc
config.status: creating apu-1-config
config.status: creating include/private/apu_select_dbm.h
config.status: creating include/apr_ldap.h
config.status: creating include/apu.h
config.status: creating include/apu_want.h
config.status: creating test/Makefile
config.status: creating include/private/apu_config.h
config.status: include/private/apu_config.h is unchanged
config.status: executing default commands
srclib/apr-util configured properly
checking for gcc... gcc
checking whether the C compiler works... yes
checking for C compiler default output file name... a.out
checking for suffix of executables... 
checking whether we are cross compiling... no
checking for suffix of object files... o
checking whether we are using the GNU C compiler... yes
checking whether gcc accepts -g... yes
checking for gcc option to accept ISO C89... none needed
checking how to run the C preprocessor... gcc -E
checking for gcc option to accept ISO C99... none needed
checking for pcre-config... /usr/bin/pcre-config
configure: Using external PCRE library from /usr/bin/pcre-config
  setting PCRE_INCLUDES to ""
  setting PCRE_LIBS to "-lpcre"
configure: 
configure: Configuring Apache httpd...
configure: 
  setting INCLUDES to "-I."
  adding "-I$(top_srcdir)/os/$(OS_DIR)" to INCLUDES
  adding "-I$(top_srcdir)/include" to INCLUDES
  adding "-I/home/st/Projects/multithreadingtests/realworldapps/apache/src/srclib/apr/include" to INCLUDES
  adding "-I/home/st/Projects/multithreadingtests/realworldapps/apache/src/srclib/apr-util/include" to INCLUDES
configure: 
configure: Applying OS-specific hints for httpd...
configure: 
  forcing SINGLE_LISTEN_UNSERIALIZED_ACCEPT to "1"
  forcing AP_NONBLOCK_WHEN_MULTI_LISTEN to "1"
checking for rm... /usr/bin/rm
checking for pkg-config... /usr/bin/pkg-config
checking for rsync... /usr/bin/rsync
checking for gawk... no
checking for mawk... mawk
checking whether ln -s works... yes
checking for ranlib... ranlib
checking for lynx... no
checking for links... no
checking for elinks... no
checking for ANSI C header files... yes
checking for sys/types.h... yes
checking for sys/stat.h... yes
checking for stdlib.h... yes
checking for string.h... yes
checking for memory.h... yes
checking for strings.h... yes
checking for inttypes.h... yes
checking for stdint.h... yes
checking for unistd.h... yes
checking minix/config.h usability... no
checking minix/config.h presence... no
checking for minix/config.h... no
checking whether it is safe to define __EXTENSIONS__... yes
checking for library containing strerror... none required
checking for ANSI C header files... (cached) yes
checking for string.h... (cached) yes
checking limits.h usability... yes
checking limits.h presence... yes
checking for limits.h... yes
checking for unistd.h... (cached) yes
checking sys/socket.h usability... yes
checking sys/socket.h presence... yes
checking for sys/socket.h... yes
checking pwd.h usability... yes
checking pwd.h presence... yes
checking for pwd.h... yes
checking grp.h usability... yes
checking grp.h presence... yes
checking for grp.h... yes
checking for strings.h... (cached) yes
checking sys/prctl.h usability... yes
checking sys/prctl.h presence... yes
checking for sys/prctl.h... yes
checking sys/processor.h usability... no
checking sys/processor.h presence... no
checking for sys/processor.h... no
checking sys/sem.h usability... yes
checking sys/sem.h presence... yes
checking for sys/sem.h... yes
checking sys/sdt.h usability... no
checking sys/sdt.h presence... no
checking for sys/sdt.h... no
checking sys/loadavg.h usability... no
checking sys/loadavg.h presence... no
checking for sys/loadavg.h... no
checking for sys/wait.h that is POSIX.1 compatible... yes
checking for an ANSI C-conforming const... yes
checking for library containing sqrt... -lm
checking for library containing crypt... -lcrypt
checking for getpwnam... yes
checking for getgrnam... yes
checking for initgroups... yes
checking for bindprocessor... no
checking for prctl... yes
checking for timegm... yes
checking for getpgid... yes
checking for fopen64... yes
checking for getloadavg... yes
checking for void pointer length... no
checking for gettid()... yes
checking for tm_gmtoff in struct tm... yes
checking whether to enable mod_authn_file... shared
checking whether to enable mod_authn_dbm... shared (most)
checking whether to enable mod_authn_anon... shared (most)
checking whether to enable mod_authn_dbd... shared (most)
checking whether to enable mod_authn_socache... shared (most)
checking whether to enable mod_authn_core... shared
checking whether to enable mod_authz_host... shared
checking whether to enable mod_authz_groupfile... shared
checking whether to enable mod_authz_user... shared
checking whether to enable mod_authz_dbm... shared (most)
checking whether to enable mod_authz_owner... shared (most)
checking whether to enable mod_authz_dbd... shared (most)
checking whether to enable mod_authz_core... shared
checking whether to enable mod_authnz_ldap... checking dependencies
checking for ldap support in apr/apr-util... no
checking whether to enable mod_authnz_ldap... no (disabled)
checking whether to enable mod_authnz_fcgi... no
checking whether to enable mod_access_compat... shared
checking whether to enable mod_auth_basic... shared
checking whether to enable mod_auth_form... shared (most)
checking whether to enable mod_auth_digest... checking dependencies
checking whether to enable mod_auth_digest... shared (most)
checking whether to enable mod_allowmethods... shared (most)
  adding "-I$(top_srcdir)/modules/aaa" to INCLUDES
checking whether to enable mod_isapi... no
checking whether to enable mod_file_cache... shared (most)
checking whether to enable mod_cache... shared (most)
checking whether to enable mod_cache_disk... checking dependencies
checking whether to enable mod_cache_disk... shared (most)
checking whether to enable mod_cache_socache... shared (most)
checking whether to enable mod_socache_shmcb... shared (most)
checking whether to enable mod_socache_dbm... shared (most)
checking whether to enable mod_socache_memcache... shared (most)
checking whether to enable mod_socache_dc... no
  adding "-I$(top_srcdir)/modules/cache" to INCLUDES
  setting HTTPD_LDFLAGS to "-export-dynamic"
checking whether to enable mod_so... static
  setting AP_LIBS to "$(MOD_SO_LDADD)"
checking whether to enable mod_watchdog... checking dependencies
checking whether to enable mod_watchdog... shared (most)
checking whether to enable mod_macro... shared (most)
  adding "-I$(top_srcdir)/modules/core" to INCLUDES
checking whether to enable mod_dbd... shared (most)
  adding "-I$(top_srcdir)/modules/database" to INCLUDES
checking whether to enable mod_bucketeer... no
checking whether to enable mod_dumpio... shared (most)
checking whether to enable mod_echo... no
checking whether to enable mod_example_hooks... no
checking whether to enable mod_case_filter... no
checking whether to enable mod_case_filter_in... no
checking whether to enable mod_example_ipc... no
checking whether to enable mod_buffer... shared (most)
checking whether to enable mod_data... no
checking whether to enable mod_ratelimit... shared (most)
checking whether to enable mod_reqtimeout... shared
checking whether to enable mod_ext_filter... shared (most)
checking whether to enable mod_request... shared (most)
checking whether to enable mod_include... shared (most)
checking whether to enable mod_filter... shared
checking whether to enable mod_reflector... no
checking whether to enable mod_substitute... shared (most)
checking whether to enable mod_sed... checking dependencies
  setting MOD_SED_LDADD to "-export-symbols-regex sed_module"
checking whether to enable mod_sed... shared (most)
checking whether to enable mod_charset_lite... no
checking whether to enable mod_deflate... checking dependencies
checking for zlib location... /usr
  setting LIBS to "-lz"
checking for zlib library... found
  setting MOD_DEFLATE_LDADD to " -lz"
  nulling LIBS
checking whether to enable mod_deflate... shared (most)
checking whether to enable mod_xml2enc... no
checking whether to enable mod_proxy_html... no
checking whether to enable mod_brotli... checking dependencies
checking for Brotli library >= 0.6.0 via pkg-config... no
checking whether to enable mod_brotli... no (disabled)
  adding "-I$(top_srcdir)/modules/filters" to INCLUDES
checking whether to enable mod_http... static
  adding "$(MOD_HTTP_LDADD)" to AP_LIBS
checking whether to enable mod_mime... shared
checking whether to enable mod_ldap... checking dependencies
checking for ldap support in apr/apr-util... (cached) no
checking whether to enable mod_ldap... no (disabled)
  adding "-I$(top_srcdir)/modules/ldap" to INCLUDES
checking whether to enable mod_log_config... shared
checking whether to enable mod_log_debug... shared (most)
checking whether to enable mod_log_forensic... no
checking whether to enable mod_logio... shared (most)
  adding "-I$(top_srcdir)/modules/loggers" to INCLUDES
checking whether to enable mod_lua... no
  adding "-I$(top_srcdir)/modules/lua" to INCLUDES
checking whether to enable mod_env... shared
checking whether to enable mod_mime_magic... no
checking whether to enable mod_cern_meta... no
checking whether to enable mod_expires... shared (most)
checking whether to enable mod_headers... shared
checking whether to enable mod_ident... no
checking whether to enable mod_usertrack... no
checking whether to enable mod_unique_id... shared (most)
checking whether to enable mod_setenvif... shared
checking whether to enable mod_version... shared
checking whether to enable mod_remoteip... shared (most)
checking whether to enable mod_proxy... shared (most)
checking whether to enable mod_proxy_connect... checking dependencies
checking whether to enable mod_proxy_connect... shared (most)
checking whether to enable mod_proxy_ftp... checking dependencies
checking whether to enable mod_proxy_ftp... shared (most)
checking whether to enable mod_proxy_http... checking dependencies
checking whether to enable mod_proxy_http... shared (most)
checking whether to enable mod_proxy_fcgi... checking dependencies
checking whether to enable mod_proxy_fcgi... shared (most)
checking whether to enable mod_proxy_scgi... checking dependencies
checking whether to enable mod_proxy_scgi... shared (most)
checking whether to enable mod_proxy_uwsgi... checking dependencies
checking whether to enable mod_proxy_uwsgi... shared (most)
checking whether to enable mod_proxy_fdpass... checking dependencies
checking whether CMSG_DATA is declared... yes
checking whether to enable mod_proxy_fdpass... shared (most)
checking whether to enable mod_proxy_wstunnel... checking dependencies
checking whether to enable mod_proxy_wstunnel... shared (most)
checking whether to enable mod_proxy_ajp... checking dependencies
checking whether to enable mod_proxy_ajp... shared (most)
checking whether to enable mod_proxy_balancer... checking dependencies
checking whether to enable mod_proxy_balancer... shared (most)
checking whether to enable mod_proxy_express... checking dependencies
checking whether to enable mod_proxy_express... shared (most)
checking whether to enable mod_proxy_hcheck... checking dependencies
checking whether to enable mod_proxy_hcheck... shared (most)
  adding "-I$(top_srcdir)/modules/proxy" to INCLUDES
  adding "-I$(top_srcdir)/modules/http2" to INCLUDES
checking whether to enable mod_session... shared (most)
checking whether to enable mod_session_cookie... checking dependencies
checking whether to enable mod_session_cookie... shared (most)
checking whether to enable mod_session_crypto... no
checking whether to enable mod_session_dbd... checking dependencies
checking whether to enable mod_session_dbd... shared (most)
  adding "-I$(top_srcdir)/modules/session" to INCLUDES
checking whether to enable mod_slotmem_shm... shared (most)
checking whether to enable mod_slotmem_plain... no
checking whether to enable mod_ssl... checking dependencies
checking for OpenSSL... checking for user-provided OpenSSL base directory... none
  setting MOD_CFLAGS to ""
  setting ab_CFLAGS to ""
  setting MOD_LDFLAGS to ""
  setting MOD_LDFLAGS to ""
checking for OpenSSL version >= 0.9.8a... OK
  setting MOD_LDFLAGS to "-lssl -lcrypto  -lrt -lcrypt  -lpthread -ldl"
  setting LIBS to "-lssl -lcrypto  -lrt -lcrypt  -lpthread -ldl"
  forcing ab_LIBS to "-lssl -lcrypto  -lrt -lcrypt  -lpthread -ldl"
checking openssl/engine.h usability... yes
checking openssl/engine.h presence... yes
checking for openssl/engine.h... yes
checking for SSL_CTX_new... yes
checking for ENGINE_init... yes
checking for ENGINE_load_builtin_engines... yes
checking for RAND_egd... no
yes
  setting MOD_CFLAGS to ""
  setting MOD_SSL_LDADD to "-export-symbols-regex ssl_module"
checking whether to enable mod_ssl... shared (most)
  adding "-I$(top_srcdir)/modules/ssl" to INCLUDES
checking whether to enable mod_optional_hook_export... no
checking whether to enable mod_optional_hook_import... no
checking whether to enable mod_optional_fn_import... no
checking whether to enable mod_optional_fn_export... no
checking whether to enable mod_dialup... no
  adding "-I$(top_srcdir)/modules/test" to INCLUDES
checking for target platform... unix
checking for rlim_t... yes
checking sys/time.h usability... yes
checking sys/time.h presence... yes
checking for sys/time.h... yes
checking sys/resource.h usability... yes
checking sys/resource.h presence... yes
checking for sys/resource.h... yes
checking for sys/sem.h... (cached) yes
checking sys/ipc.h usability... yes
checking sys/ipc.h presence... yes
checking for sys/ipc.h... yes
checking for setsid... yes
checking for killpg... yes
checking bstring.h usability... no
checking bstring.h presence... no
checking for bstring.h... no
checking for unistd.h... (cached) yes
checking for syslog... yes
checking sys/times.h usability... yes
checking sys/times.h presence... yes
checking for sys/times.h... yes
checking for times... yes
  adding "-I$(top_srcdir)/server" to INCLUDES
checking whether APR supports thread-safe pollsets... checking for kqueue... no
checking for port_create... no
checking for epoll_create... yes
yes
checking if event MPM supports this platform... yes
checking if mpmt_os2 MPM supports this platform... no
checking if prefork MPM supports this platform... yes
checking if WinNT MPM supports this platform... no
checking if worker MPM supports this platform... yes
checking whether to enable mod_http2... checking dependencies
checking for OpenSSL... (cached) yes
  setting MOD_LDFLAGS to "-lssl -lcrypto  -lrt -lcrypt  -lpthread -ldl"
  setting MOD_CFLAGS to ""
  setting MOD_CPPFLAGS to "-DH2_OPENSSL"
checking for nghttp2... checking for user-provided nghttp2 base directory... none
checking for pkg-config along ... checking for nghttp2 version >= 1.2.1... FAILED
no
checking whether to enable mod_http2... no (disabled)
checking whether to enable mod_proxy_http2... no
  adding "-I$(top_srcdir)/modules/md" to INCLUDES
checking whether to enable mod_md... checking dependencies
checking for OpenSSL... (cached) yes
  setting MOD_LDFLAGS to "-lssl -lcrypto  -lrt -lcrypt  -lpthread -ldl"
  setting MOD_CFLAGS to ""
checking for jansson... checking for user-provided jansson base directory... none
checking for pkg-config along ... FAILED
no
checking for curl... checking for user-provided curl base directory... none
checking for pkg-config along ... checking curl/curl.h usability... no
checking curl/curl.h presence... no
checking for curl/curl.h... no
checking for curl version >= 7.50... FAILED
no
checking for arc4random_buf... no
checking whether to enable mod_md... no (disabled)
checking whether to enable mod_lbmethod_byrequests... checking dependencies
checking whether to enable mod_lbmethod_byrequests... shared
checking whether to enable mod_lbmethod_bytraffic... checking dependencies
checking whether to enable mod_lbmethod_bytraffic... shared
checking whether to enable mod_lbmethod_bybusyness... checking dependencies
checking whether to enable mod_lbmethod_bybusyness... shared
checking whether to enable mod_lbmethod_heartbeat... checking dependencies
checking whether to enable mod_lbmethod_heartbeat... shared
checking which MPM to use by default... event
  adding "$(MOD_MPM_EVENT_LDADD)" to AP_LIBS
checking for pthread_kill... yes
checking whether to enable mod_unixd... shared
checking whether to enable mod_privileges... no
  adding "-I$(top_srcdir)/modules/arch/unix" to INCLUDES
checking whether to enable mod_heartbeat... no
checking whether to enable mod_heartmonitor... no
checking whether to enable mod_dav... shared (most)
  adding "-I$(top_srcdir)/modules/dav/main" to INCLUDES
checking whether to enable mod_status... shared
checking whether to enable mod_autoindex... shared
checking whether to enable mod_asis... no
checking whether to enable mod_info... shared (most)
checking whether to enable mod_suexec... no
checking whether to enable mod_cgid... checking dependencies
checking whether to enable mod_cgid... shared (most)
checking whether to enable mod_cgi... no
  adding "-I$(top_srcdir)/modules/generators" to INCLUDES
checking whether to enable mod_dav_fs... checking dependencies
checking whether to enable mod_dav_fs... shared
checking whether to enable mod_dav_lock... no
checking for extra modules... none
checking whether to enable mod_vhost_alias... shared (most)
checking whether to enable mod_negotiation... shared (most)
checking whether to enable mod_dir... shared
checking whether to enable mod_imagemap... no
checking whether to enable mod_actions... shared (most)
checking whether to enable mod_speling... shared (most)
checking whether to enable mod_userdir... shared (most)
checking whether to enable mod_alias... shared
checking whether to enable mod_rewrite... shared (most)
  adding "-I$(top_srcdir)/modules/mappers" to INCLUDES
configure: 
configure: Restore user-defined environment settings...
configure: 
  restoring CPPFLAGS to ""
  setting EXTRA_CPPFLAGS to " -DLINUX -D_REENTRANT -D_GNU_SOURCE"
  restoring CFLAGS to ""
  setting EXTRA_CFLAGS to " -g -O2 -pthread"
  restoring CXXFLAGS to ""
  setting EXTRA_CXXFLAGS to ""
  restoring LDFLAGS to ""
  setting EXTRA_LDFLAGS to " "
  restoring LIBS to ""
  setting EXTRA_LIBS to ""
  restoring INCLUDES to ""
  setting EXTRA_INCLUDES to "-I. -I$(top_srcdir)/os/$(OS_DIR) -I$(top_srcdir)/include -I/home/st/Projects/multithreadingtests/realworldapps/apache/src/srclib/apr/include -I/home/st/Projects/multithreadingtests/realworldapps/apache/src/srclib/apr-util/include -I$(top_srcdir)/modules/aaa -I$(top_srcdir)/modules/cache -I$(top_srcdir)/modules/core -I$(top_srcdir)/modules/database -I$(top_srcdir)/modules/filters -I$(top_srcdir)/modules/ldap -I$(top_srcdir)/modules/loggers -I$(top_srcdir)/modules/lua -I$(top_srcdir)/modules/proxy -I$(top_srcdir)/modules/http2 -I$(top_srcdir)/modules/session -I$(top_srcdir)/modules/ssl -I$(top_srcdir)/modules/test -I$(top_srcdir)/server -I$(top_srcdir)/modules/md -I$(top_srcdir)/modules/arch/unix -I$(top_srcdir)/modules/dav/main -I$(top_srcdir)/modules/generators -I$(top_srcdir)/modules/mappers"
configure: 
configure: Construct makefiles and header files...
configure: 
configure: creating config_vars.mk
configure: creating ./config.status
creating modules/aaa/Makefile
creating modules/arch/win32/Makefile
creating modules/cache/Makefile
creating modules/core/Makefile
creating modules/database/Makefile
creating modules/debugging/Makefile
creating modules/echo/Makefile
creating modules/examples/Makefile
creating modules/experimental/Makefile
creating modules/filters/Makefile
creating modules/http/Makefile
creating modules/ldap/Makefile
creating modules/loggers/Makefile
creating modules/lua/Makefile
creating modules/metadata/Makefile
creating modules/proxy/Makefile
creating modules/session/Makefile
creating modules/slotmem/Makefile
creating modules/ssl/Makefile
creating modules/test/Makefile
creating os/unix/Makefile
creating modules/http2/Makefile
creating modules/md/Makefile
creating modules/proxy/balancers/Makefile
creating server/mpm/Makefile
creating server/mpm/event/Makefile
creating modules/arch/unix/Makefile
creating modules/cluster/Makefile
creating modules/dav/main/Makefile
creating modules/generators/Makefile
creating modules/dav/fs/Makefile
creating modules/dav/lock/Makefile
creating modules/mappers/Makefile
creating Makefile
creating modules/Makefile
creating srclib/Makefile
creating os/Makefile
creating server/Makefile
creating support/Makefile
creating test/Makefile
config.status: creating docs/conf/httpd.conf
config.status: creating docs/conf/extra/httpd-autoindex.conf
config.status: creating docs/conf/extra/httpd-dav.conf
config.status: creating docs/conf/extra/httpd-default.conf
config.status: creating docs/conf/extra/httpd-info.conf
config.status: creating docs/conf/extra/httpd-languages.conf
config.status: creating docs/conf/extra/httpd-manual.conf
config.status: creating docs/conf/extra/httpd-mpm.conf
config.status: creating docs/conf/extra/httpd-multilang-errordoc.conf
config.status: creating docs/conf/extra/httpd-ssl.conf
config.status: creating docs/conf/extra/httpd-userdir.conf
config.status: creating docs/conf/extra/httpd-vhosts.conf
config.status: creating docs/conf/extra/proxy-html.conf
config.status: creating include/ap_config_layout.h
config.status: creating support/apxs
config.status: creating support/apachectl
config.status: creating support/dbmmanage
config.status: creating support/envvars-std
config.status: creating support/log_server_status
config.status: creating support/logresolve.pl
config.status: creating support/phf_abuse_log.cgi
config.status: creating support/split-logfile
config.status: creating build/rules.mk
config.status: creating build/pkg/pkginfo
config.status: creating build/config_vars.sh
config.status: creating include/ap_config_auto.h
config.status: include/ap_config_auto.h is unchanged
config.status: executing default commands
configure: summary of build options:

    Server Version: 2.4.35
    Install prefix: /home/st/Projects/multithreadingtests/realworldapps/apache/src/install/libc221
    C compiler:     gcc
    CFLAGS:          -g -O2 -pthread  
    CPPFLAGS:        -DLINUX -D_REENTRANT -D_GNU_SOURCE  
    LDFLAGS:           
    LIBS:             
    C preprocessor: gcc -E

