CMake Deprecation Warning at CMakeLists.txt:26 (CMAKE_POLICY):
  The OLD behavior for policy CMP0018 will be removed from a future version
  of CMake.

  The cmake-policies(7) manual explains that the OLD behaviors of all
  policies are deprecated and that a policy should be set to OLD only under
  specific short-term circumstances.  Projects should be ported to the NEW
  behavior and not rely on setting a policy to OLD.


CMake Deprecation Warning at CMakeLists.txt:32 (CMAKE_POLICY):
  The OLD behavior for policy CMP0022 will be removed from a future version
  of CMake.

  The cmake-policies(7) manual explains that the OLD behaviors of all
  policies are deprecated and that a policy should be set to OLD only under
  specific short-term circumstances.  Projects should be ported to the NEW
  behavior and not rely on setting a policy to OLD.


CMake Deprecation Warning at CMakeLists.txt:40 (CMAKE_POLICY):
  The OLD behavior for policy CMP0026 will be removed from a future version
  of CMake.

  The cmake-policies(7) manual explains that the OLD behaviors of all
  policies are deprecated and that a policy should be set to OLD only under
  specific short-term circumstances.  Projects should be ported to the NEW
  behavior and not rely on setting a policy to OLD.


CMake Deprecation Warning at CMakeLists.txt:41 (CMAKE_POLICY):
  The OLD behavior for policy CMP0045 will be removed from a future version
  of CMake.

  The cmake-policies(7) manual explains that the OLD behaviors of all
  policies are deprecated and that a policy should be set to OLD only under
  specific short-term circumstances.  Projects should be ported to the NEW
  behavior and not rely on setting a policy to OLD.


CMake Deprecation Warning at CMakeLists.txt:42 (CMAKE_POLICY):
  The OLD behavior for policy CMP0042 will be removed from a future version
  of CMake.

  The cmake-policies(7) manual explains that the OLD behaviors of all
  policies are deprecated and that a policy should be set to OLD only under
  specific short-term circumstances.  Projects should be ported to the NEW
  behavior and not rely on setting a policy to OLD.


CMake Warning (dev) at /usr/share/cmake-3.16/Modules/CheckIncludeFiles.cmake:120 (message):
  Policy CMP0075 is not set: Include file check macros honor
  CMAKE_REQUIRED_LIBRARIES.  Run "cmake --help-policy CMP0075" for policy
  details.  Use the cmake_policy command to set the policy and suppress this
  warning.

  CMAKE_REQUIRED_LIBRARIES is set to:

    m;crypt;dl;-lpthread;rt;atomic

  For compatibility with CMake 3.11 and below this check is ignoring it.
Call Stack (most recent call first):
  configure.cmake:395 (CHECK_INCLUDE_FILES)
  CMakeLists.txt:469 (INCLUDE)
This warning is for project developers.  Use -Wno-dev to suppress it.

CMake Deprecation Warning at scripts/CMakeLists.txt:331 (CMAKE_POLICY):
  The OLD behavior for policy CMP0007 will be removed from a future version
  of CMake.

  The cmake-policies(7) manual explains that the OLD behaviors of all
  policies are deprecated and that a policy should be set to OLD only under
  specific short-term circumstances.  Projects should be ported to the NEW
  behavior and not rely on setting a policy to OLD.


