-- Running cmake version 3.16.3
-- Found Git: /usr/bin/git (found version "2.25.1") 
-- Configuring with MAX_INDEXES = 64U
-- The C compiler identification is GNU 9.3.0
-- The CXX compiler identification is GNU 9.3.0
-- Check for working C compiler: /usr/bin/cc
-- Check for working C compiler: /usr/bin/cc -- works
-- Detecting C compiler ABI info
-- Detecting C compiler ABI info - done
-- Detecting C compile features
-- Detecting C compile features - done
-- Check for working CXX compiler: /usr/bin/c++
-- Check for working CXX compiler: /usr/bin/c++ -- works
-- Detecting CXX compiler ABI info
-- Detecting CXX compiler ABI info - done
-- Detecting CXX compile features
-- Detecting CXX compile features - done
-- Looking for SHM_HUGETLB
-- Looking for SHM_HUGETLB - found
-- Looking for sys/types.h
-- Looking for sys/types.h - found
-- Looking for stdint.h
-- Looking for stdint.h - found
-- Looking for stddef.h
-- Looking for stddef.h - found
-- Check size of void *
-- Check size of void * - done
-- SIZEOF_VOIDP 8
-- Performing Test HAVE_C_FLOATING_POINT_OPTIMIZATION_PROBLEMS
-- Performing Test HAVE_C_FLOATING_POINT_OPTIMIZATION_PROBLEMS - Failed
-- Performing Test HAVE_CXX_FLOATING_POINT_OPTIMIZATION_PROBLEMS
-- Performing Test HAVE_CXX_FLOATING_POINT_OPTIMIZATION_PROBLEMS - Failed
-- MySQL 5.7.15
-- Packaging as: mysql-5.7.15-Linux-x86_64
-- Local boost dir /home/st/Projects/multithreadingtests/realworldapps/mysql/src/boost_1_59_0
-- Found /home/st/Projects/multithreadingtests/realworldapps/mysql/src/boost_1_59_0/boost/version.hpp 
-- BOOST_VERSION_NUMBER is #define BOOST_VERSION 105900
-- BOOST_INCLUDE_DIR /home/st/Projects/multithreadingtests/realworldapps/mysql/src/boost_1_59_0
-- Performing Test HAVE_LLVM_LIBCPP
-- Performing Test HAVE_LLVM_LIBCPP - Failed
-- Looking for pthread.h
-- Looking for pthread.h - found
-- Performing Test CMAKE_HAVE_LIBC_PTHREAD
-- Performing Test CMAKE_HAVE_LIBC_PTHREAD - Failed
-- Looking for pthread_create in pthreads
-- Looking for pthread_create in pthreads - not found
-- Looking for pthread_create in pthread
-- Looking for pthread_create in pthread - found
-- Found Threads: TRUE  
-- Looking for floor
-- Looking for floor - not found
-- Looking for floor in m
-- Looking for floor in m - found
-- Looking for gethostbyname_r
-- Looking for gethostbyname_r - found
-- Looking for bind
-- Looking for bind - found
-- Looking for crypt
-- Looking for crypt - not found
-- Looking for crypt in crypt
-- Looking for crypt in crypt - found
-- Looking for setsockopt
-- Looking for setsockopt - found
-- Looking for dlopen
-- Looking for dlopen - not found
-- Looking for dlopen in dl
-- Looking for dlopen in dl - found
-- Looking for sched_yield
-- Looking for sched_yield - found
-- Looking for clock_gettime
-- Looking for clock_gettime - found
-- Looking for timer_create
-- Looking for timer_create - not found
-- Looking for timer_create in rt
-- Looking for timer_create in rt - found
-- Looking for atomic_thread_fence
-- Looking for atomic_thread_fence - not found
-- Looking for atomic_thread_fence in atomic
-- Looking for atomic_thread_fence in atomic - found
-- Looking for include file alloca.h
-- Looking for include file alloca.h - found
-- Looking for include file arpa/inet.h
-- Looking for include file arpa/inet.h - found
-- Looking for include file dirent.h
-- Looking for include file dirent.h - found
-- Looking for include file dlfcn.h
