0.1  0.0938949  0.0053497
0.3  0.0937703  0.00534537
0.5  0.0842865  0.00486233
0.7  0.00336886  0.000102662
0.9  9.29275e-05  2.11753e-06
0.1  0.0938932  0.00534964
0.3  0.0936988  0.00534229
0.5  0.0870731  0.00501682
0.7  0.00328305  9.51926e-05
0.9  6.66659e-05  1.43496e-06
0.1  0.0938932  0.00534964
0.3  0.0937053  0.00534253
0.5  0.0874557  0.00503408
0.7  0.00638979  0.000232349
0.9  0.000186396  4.68035e-06
0.1  0.0938933  0.00534965
0.3  0.0937067  0.00534259
0.5  0.0874672  0.00503449
0.7  0.00639288  0.000232441
0.9  0.000186834  4.68977e-06
0.1  0.0938966  0.00534976
0.3  0.0938067  0.00534668
0.5  0.0874675  0.0050345
0.7  0.00639076  0.00023237
0.9  0.000186559  4.68345e-06
0.1  0.0938932  0.00534964
0.3  0.0936982  0.00534227
0.5  0.08705  0.0050159
0.7  0.00325835  9.44578e-05
0.9  6.10094e-05  1.29962e-06
0.1  0.0938932  0.00534964
0.3  0.0936994  0.00534231
0.5  0.0870816  0.0050171
0.7  0.00618871  0.000225375
0.9  0.000172525  4.33728e-06
0.1  0.0938932  0.00534964
0.3  0.0937048  0.00534252
0.5  0.0874347  0.00503323
0.7  0.00637898  0.000232056
0.9  0.000185814  4.66734e-06
0.1  0.0938932  0.00534964
0.3  0.0937058  0.00534255
0.5  0.0874668  0.00503447
0.7  0.0033759  9.7616e-05
0.9  7.61144e-05  1.65521e-06
0.1  0.093896  0.00534974
0.3  0.0937067  0.00534259
0.5  0.0874678  0.00503451
0.7  0.00335694  9.70129e-05
0.9  7.14235e-05  1.54049e-06
0.1  0.093896  0.00534974
0.3  0.0936995  0.00534232
0.5  0.0870955  0.00501768
0.7  0.00327253  9.47807e-05
0.9  6.31682e-05  1.34593e-06
0.1  0.0938949  0.0053497
0.3  0.0937794  0.00534569
0.5  0.0847125  0.00487878
0.7  0.00373993  0.000115072
0.9  0.000116223  2.69203e-06
0.1  0.0938932  0.00534964
0.3  0.0937005  0.00534235
0.5  0.0871148  0.00501838
0.7  0.00626006  0.00022836
0.9  0.000183383  4.60516e-06
0.1  0.0938932  0.00534964
0.3  0.0937053  0.00534254
0.5  0.0874569  0.00503412
0.7  0.00639053  0.000232389
0.9  0.00018669  4.68705e-06
0.1  0.0938932  0.00534964
0.3  0.0937053  0.00534254
0.5  0.0874567  0.00503411
0.7  0.00638735  0.00023229
0.9  0.000186247  4.67715e-06
0.1  0.0938932  0.00534964
0.3  0.0937048  0.00534252
0.5  0.0874345  0.00503322
0.7  0.0063809  0.000232124
0.9  0.000186012  4.67221e-06
0.1  0.0938932  0.00534964
0.3  0.0937005  0.00534235
0.5  0.0871148  0.00501838
0.7  0.0062609  0.000228384
0.9  0.000183513  4.60803e-06
0.1  0.0938932  0.00534964
0.3  0.0937048  0.00534252
0.5  0.0874347  0.00503323
0.7  0.00641193  0.000233508
0.9  0.000191264  4.80274e-06
0.1  0.0938932  0.00534964
0.3  0.0937047  0.00534251
0.5  0.087433  0.00503317
0.7  0.00640977  0.000233451
0.9  0.000190951  4.79625e-06
0.1  0.0938932  0.00534964
0.3  0.0936993  0.00534231
0.5  0.0870821  0.00501715
0.7  0.00623104  0.000227493
0.9  0.00018029  4.53693e-06
0.1  0.093896  0.00534974
0.3  0.0937058  0.00534255
0.5  0.0874662  0.00503446
0.7  0.00642555  0.000233881
0.9  0.000192201  4.82334e-06
0.1  0.0938932  0.00534964
0.3  0.0937054  0.00534254
0.5  0.0874576  0.00503414
0.7  0.00642305  0.000233821
0.9  0.000191997  4.81914e-06
0.1  0.0938932  0.00534964
0.3  0.0937053  0.00534253
0.5  0.0874557  0.00503408
0.7  0.00642211  0.0002338
0.9  0.000191884  4.81692e-06
0.1  0.0938932  0.00534964
0.3  0.0936993  0.00534231
0.5  0.0870821  0.00501715
0.7  0.00623193  0.000227518
0.9  0.000180429  4.53997e-06
0.1  0.0938949  0.0053497
0.3  0.0937703  0.00534537
0.5  0.0842871  0.00486234
0.7  0.00175531  4.46794e-05
0.9  4.58715e-05  9.71463e-07
0.025  0.0938977  0.00534979
0.175  0.0938784  0.00534915
0.1  0.0938951  0.00534971
0.1  0.0938952  0.00534971
0.1  0.0938955  0.00534972
0.1  0.0938951  0.00534971
0.625  0.0234283  0.000991248
0.775  0.000567748  1.36242e-05
0.7  0.0038744  0.000122935
0.7  0.00467816  0.000150863
0.7  0.00443871  0.000141252
0.7  0.00458257  0.000148187
0.625  0.0234256  0.000991041
0.775  0.000564008  1.34504e-05
0.7  0.00453554  0.000143868
0.7  0.00393815  0.000124712
0.7  0.0044471  0.00014124
0.7  0.00459289  0.000148303
0.025  0.0938977  0.00534979
0.175  0.0938783  0.00534914
0.1  0.0938952  0.00534971
0.1  0.0938951  0.00534971
0.1  0.0938951  0.00534971
0.1  0.0938952  0.00534971
0.625  0.0235286  0.000994471
0.775  0.000620995  1.50284e-05
0.7  0.00470512  0.000151737
0.7  0.00457263  0.000145035
0.7  0.00469174  0.000151176
0.7  0.00469131  0.000151167
0.425  0.0925446  0.00529637
0.575  0.0327997  0.00140842
0.5  0.0836275  0.00483431
0.5  0.0851473  0.00490756
0.5  0.0836277  0.00483432
0.5  0.0851449  0.00490747
0.025  0.0938977  0.00534979
0.175  0.0938781  0.00534914
0.1  0.0938951  0.00534971
0.1  0.0938953  0.00534971
0.1  0.093895  0.00534971
0.1  0.093895  0.00534971
0.225  0.093884  0.00534936
0.375  0.0931399  0.00531995
0.3  0.0937699  0.00534521
0.3  0.0937743  0.00534539
0.3  0.0937743  0.00534539
0.3  0.0937699  0.00534521
0.425  0.0925448  0.00529638
0.575  0.0328015  0.00140846
0.5  0.0851493  0.00490762
0.5  0.083628  0.00483432
0.5  0.0851493  0.00490762
0.5  0.083628  0.00483432
0.425  0.0926792  0.00530174
0.575  0.0334255  0.0014304
0.5  0.0854111  0.00491828
0.5  0.0854137  0.00491837
0.5  0.0854094  0.00491822
0.5  0.0854137  0.00491837
0.625  0.0122788  0.000418278
0.775  0.000352185  8.10048e-06
0.7  0.00294753  8.6317e-05
0.7  0.0020837  5.64637e-05
0.7  0.00294746  8.63153e-05
0.7  0.00208371  5.64639e-05
0.625  0.0234121  0.000990666
0.775  0.000553504  1.32059e-05
0.7  0.0044118  0.000140315
0.7  0.00454196  0.000146844
0.7  0.00387227  0.000122881
0.7  0.00450263  0.000142996
0.625  0.0235183  0.000994053
0.775  0.00061099  1.47096e-05
0.7  0.00457133  0.000145002
0.7  0.00457086  0.000144991
0.7  0.00467507  0.000150535
0.7  0.00467476  0.000150529

